{"/home/travis/build/npmtest/node-npmtest-node-vibrant/test.js":{"path":"/home/travis/build/npmtest/node-npmtest-node-vibrant/test.js","s":{"1":2,"2":2,"3":2,"4":2,"5":2,"6":2,"7":2,"8":1,"9":2,"10":2,"11":1,"12":1,"13":1,"14":1,"15":2,"16":2,"17":2,"18":2,"19":1,"20":1,"21":2,"22":2,"23":2,"24":1,"25":1,"26":1,"27":1,"28":1,"29":1,"30":1,"31":1,"32":1,"33":1,"34":1,"35":1,"36":1,"37":1,"38":1,"39":2,"40":2,"41":1,"42":2,"43":2,"44":1,"45":2,"46":2,"47":1,"48":2,"49":2,"50":1,"51":1,"52":1,"53":1,"54":1},"b":{"1":[2,1,1,1],"2":[1,1,1,1],"3":[1,1],"4":[1,1],"5":[1,1],"6":[1,1],"7":[1,1],"8":[1,1],"9":[1,1],"10":[1,1,1],"11":[1,1],"12":[1,1],"13":[1,1],"14":[1,1],"15":[1,1],"16":[1,1],"17":[1,1]},"f":{"1":2,"2":2,"3":2,"4":2,"5":2,"6":1,"7":1,"8":1,"9":2,"10":2,"11":2,"12":2,"13":1},"fnMap":{"1":{"name":"(anonymous_1)","line":12,"loc":{"start":{"line":12,"column":1},"end":{"line":12,"column":13}}},"2":{"name":"(anonymous_2)","line":19,"loc":{"start":{"line":19,"column":5},"end":{"line":19,"column":17}}},"3":{"name":"(anonymous_3)","line":23,"loc":{"start":{"line":23,"column":24},"end":{"line":23,"column":36}}},"4":{"name":"(anonymous_4)","line":61,"loc":{"start":{"line":61,"column":5},"end":{"line":61,"column":17}}},"5":{"name":"(anonymous_5)","line":82,"loc":{"start":{"line":82,"column":5},"end":{"line":82,"column":17}}},"6":{"name":"(anonymous_6)","line":91,"loc":{"start":{"line":91,"column":77},"end":{"line":94,"column":10}}},"7":{"name":"(anonymous_7)","line":112,"loc":{"start":{"line":112,"column":83},"end":{"line":115,"column":10}},"skip":true},"8":{"name":"(anonymous_8)","line":123,"loc":{"start":{"line":123,"column":77},"end":{"line":126,"column":10}},"skip":true},"9":{"name":"(anonymous_9)","line":139,"loc":{"start":{"line":139,"column":12},"end":{"line":139,"column":40}},"skip":true},"10":{"name":"(anonymous_10)","line":147,"loc":{"start":{"line":147,"column":77},"end":{"line":150,"column":10}},"skip":true},"11":{"name":"(anonymous_11)","line":158,"loc":{"start":{"line":158,"column":83},"end":{"line":161,"column":10}},"skip":true},"12":{"name":"(anonymous_12)","line":169,"loc":{"start":{"line":169,"column":79},"end":{"line":172,"column":10}},"skip":true},"13":{"name":"(anonymous_13)","line":180,"loc":{"start":{"line":180,"column":75},"end":{"line":183,"column":10}},"skip":true}},"statementMap":{"1":{"start":{"line":12,"column":0},"end":{"line":195,"column":5}},"2":{"start":{"line":14,"column":4},"end":{"line":14,"column":14}},"3":{"start":{"line":19,"column":4},"end":{"line":56,"column":9}},"4":{"start":{"line":21,"column":8},"end":{"line":21,"column":19}},"5":{"start":{"line":23,"column":8},"end":{"line":35,"column":13}},"6":{"start":{"line":24,"column":12},"end":{"line":34,"column":13}},"7":{"start":{"line":25,"column":16},"end":{"line":28,"column":30}},"8":{"start":{"line":30,"column":16},"end":{"line":33,"column":27}},"9":{"start":{"line":37,"column":8},"end":{"line":39,"column":21}},"10":{"start":{"line":40,"column":8},"end":{"line":53,"column":9}},"11":{"start":{"line":43,"column":12},"end":{"line":46,"column":14}},"12":{"start":{"line":47,"column":12},"end":{"line":47,"column":18}},"13":{"start":{"line":50,"column":12},"end":{"line":51,"column":33}},"14":{"start":{"line":52,"column":12},"end":{"line":52,"column":18}},"15":{"start":{"line":55,"column":8},"end":{"line":55,"column":35}},"16":{"start":{"line":61,"column":4},"end":{"line":63,"column":9}},"17":{"start":{"line":62,"column":8},"end":{"line":62,"column":15}},"18":{"start":{"line":64,"column":4},"end":{"line":77,"column":5}},"19":{"start":{"line":70,"column":8},"end":{"line":70,"column":14}},"20":{"start":{"line":76,"column":8},"end":{"line":76,"column":14}},"21":{"start":{"line":82,"column":4},"end":{"line":84,"column":9}},"22":{"start":{"line":83,"column":8},"end":{"line":83,"column":15}},"23":{"start":{"line":85,"column":4},"end":{"line":194,"column":5}},"24":{"start":{"line":91,"column":8},"end":{"line":99,"column":10}},"25":{"start":{"line":98,"column":12},"end":{"line":98,"column":35}},"26":{"start":{"line":102,"column":8},"end":{"line":104,"column":63}},"27":{"start":{"line":105,"column":8},"end":{"line":105,"column":14}},"28":{"start":{"line":112,"column":8},"end":{"line":121,"column":10},"skip":true},"29":{"start":{"line":119,"column":12},"end":{"line":119,"column":55},"skip":true},"30":{"start":{"line":120,"column":12},"end":{"line":120,"column":48},"skip":true},"31":{"start":{"line":123,"column":8},"end":{"line":136,"column":10},"skip":true},"32":{"start":{"line":130,"column":12},"end":{"line":130,"column":76},"skip":true},"33":{"start":{"line":131,"column":12},"end":{"line":131,"column":73},"skip":true},"34":{"start":{"line":132,"column":12},"end":{"line":132,"column":74},"skip":true},"35":{"start":{"line":133,"column":12},"end":{"line":133,"column":79},"skip":true},"36":{"start":{"line":134,"column":12},"end":{"line":134,"column":25},"skip":true},"37":{"start":{"line":135,"column":12},"end":{"line":135,"column":45},"skip":true},"38":{"start":{"line":138,"column":8},"end":{"line":145,"column":14},"skip":true},"39":{"start":{"line":143,"column":16},"end":{"line":143,"column":29},"skip":true},"40":{"start":{"line":144,"column":16},"end":{"line":144,"column":55},"skip":true},"41":{"start":{"line":147,"column":8},"end":{"line":156,"column":10},"skip":true},"42":{"start":{"line":154,"column":12},"end":{"line":154,"column":25},"skip":true},"43":{"start":{"line":155,"column":12},"end":{"line":155,"column":45},"skip":true},"44":{"start":{"line":158,"column":8},"end":{"line":167,"column":10},"skip":true},"45":{"start":{"line":165,"column":12},"end":{"line":165,"column":25},"skip":true},"46":{"start":{"line":166,"column":12},"end":{"line":166,"column":48},"skip":true},"47":{"start":{"line":169,"column":8},"end":{"line":178,"column":10},"skip":true},"48":{"start":{"line":176,"column":12},"end":{"line":176,"column":25},"skip":true},"49":{"start":{"line":177,"column":12},"end":{"line":177,"column":46},"skip":true},"50":{"start":{"line":180,"column":8},"end":{"line":189,"column":10},"skip":true},"51":{"start":{"line":187,"column":12},"end":{"line":187,"column":94},"skip":true},"52":{"start":{"line":188,"column":12},"end":{"line":188,"column":48},"skip":true},"53":{"start":{"line":192,"column":8},"end":{"line":192,"column":35},"skip":true},"54":{"start":{"line":193,"column":8},"end":{"line":193,"column":14},"skip":true}},"branchMap":{"1":{"line":25,"type":"binary-expr","locations":[{"start":{"line":25,"column":23},"end":{"line":25,"column":62}},{"start":{"line":26,"column":20},"end":{"line":26,"column":70}},{"start":{"line":27,"column":20},"end":{"line":27,"column":71}},{"start":{"line":28,"column":20},"end":{"line":28,"column":29}}]},"2":{"line":30,"type":"binary-expr","locations":[{"start":{"line":30,"column":23},"end":{"line":30,"column":37}},{"start":{"line":31,"column":20},"end":{"line":31,"column":61}},{"start":{"line":32,"column":20},"end":{"line":32,"column":70}},{"start":{"line":33,"column":20},"end":{"line":33,"column":26}}]},"3":{"line":37,"type":"cond-expr","locations":[{"start":{"line":38,"column":14},"end":{"line":38,"column":20}},{"start":{"line":39,"column":14},"end":{"line":39,"column":20}}]},"4":{"line":40,"type":"switch","locations":[{"start":{"line":42,"column":8},"end":{"line":47,"column":18}},{"start":{"line":49,"column":8},"end":{"line":52,"column":18}}]},"5":{"line":44,"type":"binary-expr","locations":[{"start":{"line":44,"column":16},"end":{"line":44,"column":44}},{"start":{"line":44,"column":48},"end":{"line":44,"column":66}}]},"6":{"line":50,"type":"binary-expr","locations":[{"start":{"line":50,"column":21},"end":{"line":50,"column":49}},{"start":{"line":50,"column":53},"end":{"line":50,"column":72}}]},"7":{"line":64,"type":"switch","locations":[{"start":{"line":69,"column":4},"end":{"line":70,"column":14}},{"start":{"line":75,"column":4},"end":{"line":76,"column":14}}]},"8":{"line":85,"type":"switch","locations":[{"start":{"line":90,"column":4},"end":{"line":105,"column":14}},{"start":{"line":111,"column":4},"end":{"line":193,"column":14},"skip":true}]},"9":{"line":91,"type":"binary-expr","locations":[{"start":{"line":91,"column":42},"end":{"line":91,"column":73}},{"start":{"line":91,"column":77},"end":{"line":99,"column":9}}]},"10":{"line":102,"type":"binary-expr","locations":[{"start":{"line":102,"column":18},"end":{"line":102,"column":32}},{"start":{"line":103,"column":12},"end":{"line":103,"column":53}},{"start":{"line":104,"column":12},"end":{"line":104,"column":61}}]},"11":{"line":112,"type":"binary-expr","locations":[{"start":{"line":112,"column":45},"end":{"line":112,"column":79},"skip":true},{"start":{"line":112,"column":83},"end":{"line":121,"column":9},"skip":true}]},"12":{"line":123,"type":"binary-expr","locations":[{"start":{"line":123,"column":42},"end":{"line":123,"column":73},"skip":true},{"start":{"line":123,"column":77},"end":{"line":136,"column":9},"skip":true}]},"13":{"line":138,"type":"binary-expr","locations":[{"start":{"line":138,"column":48},"end":{"line":138,"column":85},"skip":true},{"start":{"line":139,"column":12},"end":{"line":145,"column":13},"skip":true}]},"14":{"line":147,"type":"binary-expr","locations":[{"start":{"line":147,"column":42},"end":{"line":147,"column":73},"skip":true},{"start":{"line":147,"column":77},"end":{"line":156,"column":9},"skip":true}]},"15":{"line":158,"type":"binary-expr","locations":[{"start":{"line":158,"column":45},"end":{"line":158,"column":79},"skip":true},{"start":{"line":158,"column":83},"end":{"line":167,"column":9},"skip":true}]},"16":{"line":169,"type":"binary-expr","locations":[{"start":{"line":169,"column":43},"end":{"line":169,"column":75},"skip":true},{"start":{"line":169,"column":79},"end":{"line":178,"column":9},"skip":true}]},"17":{"line":180,"type":"binary-expr","locations":[{"start":{"line":180,"column":41},"end":{"line":180,"column":71},"skip":true},{"start":{"line":180,"column":75},"end":{"line":189,"column":9},"skip":true}]}},"code":["/* istanbul instrument in package npmtest_node_vibrant */","/*jslint","    bitwise: true,","    browser: true,","    maxerr: 8,","    maxlen: 96,","    node: true,","    nomen: true,","    regexp: true,","    stupid: true","*/","(function () {","    'use strict';","    var local;","","","","    // run shared js-env code - pre-init","    (function () {","        // init local","        local = {};","        // init modeJs","        local.modeJs = (function () {","            try {","                return typeof navigator.userAgent === 'string' &&","                    typeof document.querySelector('body') === 'object' &&","                    typeof XMLHttpRequest.prototype.open === 'function' &&","                    'browser';","            } catch (errorCaughtBrowser) {","                return module.exports &&","                    typeof process.versions.node === 'string' &&","                    typeof require('http').createServer === 'function' &&","                    'node';","            }","        }());","        // init global","        local.global = local.modeJs === 'browser'","            ? window","            : global;","        switch (local.modeJs) {","        // re-init local from window.local","        case 'browser':","            local = local.global.utility2.objectSetDefault(","                local.global.utility2_rollup || local.global.local,","                local.global.utility2","            );","            break;","        // re-init local from example.js","        case 'node':","            local = (local.global.utility2_rollup || require('utility2'))","                .requireReadme();","            break;","        }","        // export local","        local.global.local = local;","    }());","","","","    // run shared js-env code - function","    (function () {","        return;","    }());","    switch (local.modeJs) {","","","","    // run browser js-env code - function","    case 'browser':","        break;","","","","    // run node js-env code - function","    case 'node':","        break;","    }","","","","    // run shared js-env code - post-init","    (function () {","        return;","    }());","    switch (local.modeJs) {","","","","    // run browser js-env code - post-init","    case 'browser':","        local.testCase_browser_nullCase = local.testCase_browser_nullCase || function (","            options,","            onError","        ) {","        /*","         * this function will test browsers's null-case handling-behavior-behavior","         */","            onError(null, options);","        };","","        // run tests","        local.nop(local.modeTest &&","            document.querySelector('#testRunButton1') &&","            document.querySelector('#testRunButton1').click());","        break;","","","","    // run node js-env code - post-init","    /* istanbul ignore next */","    case 'node':","        local.testCase_buildApidoc_default = local.testCase_buildApidoc_default || function (","            options,","            onError","        ) {","        /*","         * this function will test buildApidoc's default handling-behavior-behavior","         */","            options = { modulePathList: module.paths };","            local.buildApidoc(options, onError);","        };","","        local.testCase_buildApp_default = local.testCase_buildApp_default || function (","            options,","            onError","        ) {","        /*","         * this function will test buildApp's default handling-behavior-behavior","         */","            local.testCase_buildReadme_default(options, local.onErrorThrow);","            local.testCase_buildLib_default(options, local.onErrorThrow);","            local.testCase_buildTest_default(options, local.onErrorThrow);","            local.testCase_buildCustomOrg_default(options, local.onErrorThrow);","            options = [];","            local.buildApp(options, onError);","        };","","        local.testCase_buildCustomOrg_default = local.testCase_buildCustomOrg_default ||","            function (options, onError) {","            /*","             * this function will test buildCustomOrg's default handling-behavior","             */","                options = {};","                local.buildCustomOrg(options, onError);","            };","","        local.testCase_buildLib_default = local.testCase_buildLib_default || function (","            options,","            onError","        ) {","        /*","         * this function will test buildLib's default handling-behavior","         */","            options = {};","            local.buildLib(options, onError);","        };","","        local.testCase_buildReadme_default = local.testCase_buildReadme_default || function (","            options,","            onError","        ) {","        /*","         * this function will test buildReadme's default handling-behavior-behavior","         */","            options = {};","            local.buildReadme(options, onError);","        };","","        local.testCase_buildTest_default = local.testCase_buildTest_default || function (","            options,","            onError","        ) {","        /*","         * this function will test buildTest's default handling-behavior","         */","            options = {};","            local.buildTest(options, onError);","        };","","        local.testCase_webpage_default = local.testCase_webpage_default || function (","            options,","            onError","        ) {","        /*","         * this function will test webpage's default handling-behavior","         */","            options = { modeCoverageMerge: true, url: local.serverLocalHost + '?modeTest=1' };","            local.browserTest(options, onError);","        };","","        // run test-server","        local.testRunServer(local);","        break;","    }","}());",""],"l":{"12":2,"14":2,"19":2,"21":2,"23":2,"24":2,"25":2,"30":1,"37":2,"40":2,"43":1,"47":1,"50":1,"52":1,"55":2,"61":2,"62":2,"64":2,"70":1,"76":1,"82":2,"83":2,"85":2,"91":1,"98":1,"102":1,"105":1,"112":1,"119":1,"120":1,"123":1,"130":1,"131":1,"132":1,"133":1,"134":1,"135":1,"138":1,"143":2,"144":2,"147":1,"154":2,"155":2,"158":1,"165":2,"166":2,"169":1,"176":2,"177":2,"180":1,"187":1,"188":1,"192":1,"193":1}},"/home/travis/build/npmtest/node-npmtest-node-vibrant/lib.npmtest_node_vibrant.js":{"path":"/home/travis/build/npmtest/node-npmtest-node-vibrant/lib.npmtest_node_vibrant.js","s":{"1":2,"2":2,"3":2,"4":2,"5":2,"6":2,"7":2,"8":1,"9":2,"10":2,"11":2,"12":2,"13":1,"14":1,"15":1,"16":1},"b":{"1":[2,1,1,1],"2":[1,1,1,1],"3":[1,1],"4":[2,2],"5":[1,1]},"f":{"1":2,"2":2,"3":2},"fnMap":{"1":{"name":"(anonymous_1)","line":12,"loc":{"start":{"line":12,"column":1},"end":{"line":12,"column":13}}},"2":{"name":"(anonymous_2)","line":19,"loc":{"start":{"line":19,"column":5},"end":{"line":19,"column":17}}},"3":{"name":"(anonymous_3)","line":23,"loc":{"start":{"line":23,"column":24},"end":{"line":23,"column":36}}}},"statementMap":{"1":{"start":{"line":12,"column":0},"end":{"line":53,"column":5}},"2":{"start":{"line":14,"column":4},"end":{"line":14,"column":14}},"3":{"start":{"line":19,"column":4},"end":{"line":52,"column":9}},"4":{"start":{"line":21,"column":8},"end":{"line":21,"column":19}},"5":{"start":{"line":23,"column":8},"end":{"line":35,"column":13}},"6":{"start":{"line":24,"column":12},"end":{"line":34,"column":13}},"7":{"start":{"line":25,"column":16},"end":{"line":28,"column":30}},"8":{"start":{"line":30,"column":16},"end":{"line":33,"column":27}},"9":{"start":{"line":37,"column":8},"end":{"line":39,"column":21}},"10":{"start":{"line":41,"column":8},"end":{"line":41,"column":54}},"11":{"start":{"line":43,"column":8},"end":{"line":43,"column":57}},"12":{"start":{"line":45,"column":8},"end":{"line":51,"column":9}},"13":{"start":{"line":46,"column":12},"end":{"line":46,"column":63}},"14":{"start":{"line":48,"column":12},"end":{"line":48,"column":35}},"15":{"start":{"line":49,"column":12},"end":{"line":49,"column":49}},"16":{"start":{"line":50,"column":12},"end":{"line":50,"column":43}}},"branchMap":{"1":{"line":25,"type":"binary-expr","locations":[{"start":{"line":25,"column":23},"end":{"line":25,"column":62}},{"start":{"line":26,"column":20},"end":{"line":26,"column":70}},{"start":{"line":27,"column":20},"end":{"line":27,"column":71}},{"start":{"line":28,"column":20},"end":{"line":28,"column":29}}]},"2":{"line":30,"type":"binary-expr","locations":[{"start":{"line":30,"column":23},"end":{"line":30,"column":37}},{"start":{"line":31,"column":20},"end":{"line":31,"column":61}},{"start":{"line":32,"column":20},"end":{"line":32,"column":70}},{"start":{"line":33,"column":20},"end":{"line":33,"column":26}}]},"3":{"line":37,"type":"cond-expr","locations":[{"start":{"line":38,"column":14},"end":{"line":38,"column":20}},{"start":{"line":39,"column":14},"end":{"line":39,"column":20}}]},"4":{"line":41,"type":"binary-expr","locations":[{"start":{"line":41,"column":16},"end":{"line":41,"column":44}},{"start":{"line":41,"column":48},"end":{"line":41,"column":53}}]},"5":{"line":45,"type":"if","locations":[{"start":{"line":45,"column":8},"end":{"line":45,"column":8}},{"start":{"line":45,"column":8},"end":{"line":45,"column":8}}]}},"code":["/* istanbul instrument in package npmtest_node_vibrant */","/*jslint","    bitwise: true,","    browser: true,","    maxerr: 8,","    maxlen: 96,","    node: true,","    nomen: true,","    regexp: true,","    stupid: true","*/","(function () {","    'use strict';","    var local;","","","","    // run shared js-env code - pre-init","    (function () {","        // init local","        local = {};","        // init modeJs","        local.modeJs = (function () {","            try {","                return typeof navigator.userAgent === 'string' &&","                    typeof document.querySelector('body') === 'object' &&","                    typeof XMLHttpRequest.prototype.open === 'function' &&","                    'browser';","            } catch (errorCaughtBrowser) {","                return module.exports &&","                    typeof process.versions.node === 'string' &&","                    typeof require('http').createServer === 'function' &&","                    'node';","            }","        }());","        // init global","        local.global = local.modeJs === 'browser'","            ? window","            : global;","        // init utility2_rollup","        local = local.global.utility2_rollup || local;","        // init lib","        local.local = local.npmtest_node_vibrant = local;","        // init exports","        if (local.modeJs === 'browser') {","            local.global.utility2_npmtest_node_vibrant = local;","        } else {","            module.exports = local;","            module.exports.__dirname = __dirname;","            module.exports.module = module;","        }","    }());","}());",""],"l":{"12":2,"14":2,"19":2,"21":2,"23":2,"24":2,"25":2,"30":1,"37":2,"41":2,"43":2,"45":2,"46":1,"48":1,"49":1,"50":1}},"/home/travis/build/npmtest/node-npmtest-node-vibrant/example.js":{"path":"/home/travis/build/npmtest/node-npmtest-node-vibrant/example.js","s":{"1":2,"2":2,"3":2,"4":2,"5":2,"6":2,"7":2,"8":1,"9":2,"10":2,"11":2,"12":2,"13":1,"14":2,"15":2,"16":2,"17":2,"18":2,"19":0,"20":2,"21":1,"22":1,"23":1,"24":1,"25":1,"26":0,"27":0,"28":1,"29":1,"30":2,"31":0,"32":0,"33":0,"34":1,"35":2,"36":2,"37":3,"38":3,"39":3,"40":3,"41":0,"42":3,"43":3,"44":3,"45":1,"46":3,"47":1,"48":1,"49":1,"50":1,"51":1,"52":1,"53":1,"54":1,"55":1,"56":1,"57":0,"58":1,"59":6,"60":6,"61":1,"62":2,"63":0,"64":2,"65":1,"66":1,"67":0,"68":0,"69":0,"70":0,"71":0,"72":0,"73":0,"74":0,"75":0,"76":0,"77":0,"78":0,"79":0,"80":0,"81":0,"82":0,"83":0},"b":{"1":[2,1,1,1],"2":[1,1,1,1],"3":[1,1],"4":[2,2],"5":[1,1],"6":[1,1],"7":[2,0],"8":[2,1,1,1,1,1],"9":[0,2,0],"10":[1,1],"11":[2,1,1],"12":[1,0],"13":[0,2],"14":[2,0,0,0,0,0,0],"15":[0,3],"16":[3,0],"17":[1,1],"18":[0,1],"19":[1,2,0,2],"20":[1,0],"21":[1,1],"22":[0,0],"23":[0,0],"24":[0,0],"25":[0,0],"26":[0,0],"27":[0,0],"28":[0,0]},"f":{"1":2,"2":2,"3":2,"4":2,"5":2,"6":2,"7":3,"8":3,"9":3,"10":1,"11":6,"12":0},"fnMap":{"1":{"name":"(anonymous_1)","line":26,"loc":{"start":{"line":26,"column":1},"end":{"line":26,"column":13}}},"2":{"name":"(anonymous_2)","line":33,"loc":{"start":{"line":33,"column":5},"end":{"line":33,"column":17}}},"3":{"name":"(anonymous_3)","line":37,"loc":{"start":{"line":37,"column":24},"end":{"line":37,"column":36}}},"4":{"name":"(anonymous_4)","line":69,"loc":{"start":{"line":69,"column":31},"end":{"line":69,"column":48}},"skip":true},"5":{"name":"(anonymous_5)","line":78,"loc":{"start":{"line":78,"column":26},"end":{"line":78,"column":45}},"skip":true},"6":{"name":"(anonymous_6)","line":123,"loc":{"start":{"line":123,"column":33},"end":{"line":123,"column":48}},"skip":true},"7":{"name":"(anonymous_7)","line":125,"loc":{"start":{"line":125,"column":27},"end":{"line":125,"column":39}},"skip":true},"8":{"name":"(anonymous_8)","line":133,"loc":{"start":{"line":133,"column":59},"end":{"line":133,"column":74}},"skip":true},"9":{"name":"(anonymous_9)","line":143,"loc":{"start":{"line":143,"column":45},"end":{"line":143,"column":62}},"skip":true},"10":{"name":"(anonymous_10)","line":144,"loc":{"start":{"line":144,"column":73},"end":{"line":144,"column":92}},"skip":true},"11":{"name":"(anonymous_11)","line":272,"loc":{"start":{"line":272,"column":51},"end":{"line":272,"column":77}},"skip":true},"12":{"name":"(anonymous_12)","line":315,"loc":{"start":{"line":315,"column":32},"end":{"line":315,"column":61}},"skip":true}},"statementMap":{"1":{"start":{"line":26,"column":0},"end":{"line":326,"column":5}},"2":{"start":{"line":28,"column":4},"end":{"line":28,"column":14}},"3":{"start":{"line":33,"column":4},"end":{"line":60,"column":9}},"4":{"start":{"line":35,"column":8},"end":{"line":35,"column":19}},"5":{"start":{"line":37,"column":8},"end":{"line":49,"column":13}},"6":{"start":{"line":38,"column":12},"end":{"line":48,"column":13}},"7":{"start":{"line":39,"column":16},"end":{"line":42,"column":30}},"8":{"start":{"line":44,"column":16},"end":{"line":47,"column":27}},"9":{"start":{"line":51,"column":8},"end":{"line":53,"column":21}},"10":{"start":{"line":55,"column":8},"end":{"line":57,"column":45}},"11":{"start":{"line":59,"column":8},"end":{"line":59,"column":35}},"12":{"start":{"line":61,"column":4},"end":{"line":325,"column":5}},"13":{"start":{"line":69,"column":8},"end":{"line":121,"column":10},"skip":true},"14":{"start":{"line":70,"column":12},"end":{"line":88,"column":13},"skip":true},"15":{"start":{"line":76,"column":16},"end":{"line":87,"column":19},"skip":true},"16":{"start":{"line":79,"column":20},"end":{"line":86,"column":21},"skip":true},"17":{"start":{"line":82,"column":24},"end":{"line":82,"column":43},"skip":true},"18":{"start":{"line":83,"column":24},"end":{"line":83,"column":30},"skip":true},"19":{"start":{"line":85,"column":24},"end":{"line":85,"column":49},"skip":true},"20":{"start":{"line":89,"column":12},"end":{"line":107,"column":13},"skip":true},"21":{"start":{"line":92,"column":16},"end":{"line":102,"column":17},"skip":true},"22":{"start":{"line":93,"column":20},"end":{"line":93,"column":86},"skip":true},"23":{"start":{"line":94,"column":20},"end":{"line":95,"column":45},"skip":true},"24":{"start":{"line":96,"column":20},"end":{"line":96,"column":42},"skip":true},"25":{"start":{"line":97,"column":20},"end":{"line":97,"column":48},"skip":true},"26":{"start":{"line":100,"column":20},"end":{"line":100,"column":85},"skip":true},"27":{"start":{"line":101,"column":20},"end":{"line":101,"column":96},"skip":true},"28":{"start":{"line":103,"column":16},"end":{"line":103,"column":22},"skip":true},"29":{"start":{"line":106,"column":16},"end":{"line":106,"column":22},"skip":true},"30":{"start":{"line":108,"column":12},"end":{"line":120,"column":13},"skip":true},"31":{"start":{"line":114,"column":16},"end":{"line":119,"column":17},"skip":true},"32":{"start":{"line":116,"column":20},"end":{"line":116,"column":78},"skip":true},"33":{"start":{"line":118,"column":20},"end":{"line":118,"column":47},"skip":true},"34":{"start":{"line":123,"column":8},"end":{"line":141,"column":11},"skip":true},"35":{"start":{"line":124,"column":12},"end":{"line":124,"column":54},"skip":true},"36":{"start":{"line":125,"column":12},"end":{"line":140,"column":14},"skip":true},"37":{"start":{"line":126,"column":16},"end":{"line":126,"column":28},"skip":true},"38":{"start":{"line":127,"column":16},"end":{"line":127,"column":69},"skip":true},"39":{"start":{"line":128,"column":16},"end":{"line":128,"column":75},"skip":true},"40":{"start":{"line":129,"column":16},"end":{"line":131,"column":17},"skip":true},"41":{"start":{"line":130,"column":20},"end":{"line":130,"column":27},"skip":true},"42":{"start":{"line":133,"column":16},"end":{"line":137,"column":36},"skip":true},"43":{"start":{"line":134,"column":20},"end":{"line":136,"column":55},"skip":true},"44":{"start":{"line":139,"column":16},"end":{"line":139,"column":57},"skip":true},"45":{"start":{"line":143,"column":8},"end":{"line":147,"column":11},"skip":true},"46":{"start":{"line":144,"column":12},"end":{"line":146,"column":15},"skip":true},"47":{"start":{"line":145,"column":16},"end":{"line":145,"column":70},"skip":true},"48":{"start":{"line":149,"column":8},"end":{"line":149,"column":31},"skip":true},"49":{"start":{"line":150,"column":8},"end":{"line":150,"column":14},"skip":true},"50":{"start":{"line":158,"column":8},"end":{"line":158,"column":31},"skip":true},"51":{"start":{"line":160,"column":8},"end":{"line":160,"column":33},"skip":true},"52":{"start":{"line":161,"column":8},"end":{"line":161,"column":37},"skip":true},"53":{"start":{"line":162,"column":8},"end":{"line":162,"column":35},"skip":true},"54":{"start":{"line":164,"column":8},"end":{"line":164,"column":50},"skip":true},"55":{"start":{"line":166,"column":8},"end":{"line":256,"column":2},"skip":true},"56":{"start":{"line":258,"column":8},"end":{"line":286,"column":9},"skip":true},"57":{"start":{"line":259,"column":12},"end":{"line":269,"column":14},"skip":true},"58":{"start":{"line":271,"column":12},"end":{"line":285,"column":19},"skip":true},"59":{"start":{"line":274,"column":20},"end":{"line":274,"column":35},"skip":true},"60":{"start":{"line":275,"column":20},"end":{"line":284,"column":21},"skip":true},"61":{"start":{"line":277,"column":24},"end":{"line":277,"column":64},"skip":true},"62":{"start":{"line":279,"column":24},"end":{"line":279,"column":40},"skip":true},"63":{"start":{"line":281,"column":24},"end":{"line":281,"column":40},"skip":true},"64":{"start":{"line":283,"column":24},"end":{"line":283,"column":39},"skip":true},"65":{"start":{"line":288,"column":8},"end":{"line":290,"column":9},"skip":true},"66":{"start":{"line":289,"column":12},"end":{"line":289,"column":18},"skip":true},"67":{"start":{"line":291,"column":8},"end":{"line":293,"column":54},"skip":true},"68":{"start":{"line":296,"column":8},"end":{"line":301,"column":37},"skip":true},"69":{"start":{"line":303,"column":8},"end":{"line":303,"column":82},"skip":true},"70":{"start":{"line":306,"column":8},"end":{"line":308,"column":9},"skip":true},"71":{"start":{"line":307,"column":12},"end":{"line":307,"column":82},"skip":true},"72":{"start":{"line":310,"column":8},"end":{"line":312,"column":9},"skip":true},"73":{"start":{"line":311,"column":12},"end":{"line":311,"column":18},"skip":true},"74":{"start":{"line":313,"column":8},"end":{"line":313,"column":54},"skip":true},"75":{"start":{"line":314,"column":8},"end":{"line":314,"column":69},"skip":true},"76":{"start":{"line":315,"column":8},"end":{"line":323,"column":36},"skip":true},"77":{"start":{"line":316,"column":12},"end":{"line":316,"column":61},"skip":true},"78":{"start":{"line":317,"column":12},"end":{"line":320,"column":13},"skip":true},"79":{"start":{"line":318,"column":16},"end":{"line":318,"column":75},"skip":true},"80":{"start":{"line":319,"column":16},"end":{"line":319,"column":23},"skip":true},"81":{"start":{"line":321,"column":12},"end":{"line":321,"column":38},"skip":true},"82":{"start":{"line":322,"column":12},"end":{"line":322,"column":27},"skip":true},"83":{"start":{"line":324,"column":8},"end":{"line":324,"column":14},"skip":true}},"branchMap":{"1":{"line":39,"type":"binary-expr","locations":[{"start":{"line":39,"column":23},"end":{"line":39,"column":62}},{"start":{"line":40,"column":20},"end":{"line":40,"column":70}},{"start":{"line":41,"column":20},"end":{"line":41,"column":71}},{"start":{"line":42,"column":20},"end":{"line":42,"column":29}}]},"2":{"line":44,"type":"binary-expr","locations":[{"start":{"line":44,"column":23},"end":{"line":44,"column":37}},{"start":{"line":45,"column":20},"end":{"line":45,"column":61}},{"start":{"line":46,"column":20},"end":{"line":46,"column":70}},{"start":{"line":47,"column":20},"end":{"line":47,"column":26}}]},"3":{"line":51,"type":"cond-expr","locations":[{"start":{"line":52,"column":14},"end":{"line":52,"column":20}},{"start":{"line":53,"column":14},"end":{"line":53,"column":20}}]},"4":{"line":55,"type":"binary-expr","locations":[{"start":{"line":55,"column":16},"end":{"line":55,"column":44}},{"start":{"line":55,"column":49},"end":{"line":57,"column":43}}]},"5":{"line":55,"type":"cond-expr","locations":[{"start":{"line":56,"column":14},"end":{"line":56,"column":56}},{"start":{"line":57,"column":14},"end":{"line":57,"column":43}}]},"6":{"line":61,"type":"switch","locations":[{"start":{"line":68,"column":4},"end":{"line":150,"column":14},"skip":true},{"start":{"line":156,"column":4},"end":{"line":324,"column":14},"skip":true}]},"7":{"line":70,"type":"if","locations":[{"start":{"line":70,"column":12},"end":{"line":70,"column":12},"skip":true},{"start":{"line":70,"column":12},"end":{"line":70,"column":12},"skip":true}]},"8":{"line":70,"type":"binary-expr","locations":[{"start":{"line":70,"column":16},"end":{"line":70,"column":22},"skip":true},{"start":{"line":70,"column":27},"end":{"line":70,"column":32},"skip":true},{"start":{"line":71,"column":20},"end":{"line":71,"column":39},"skip":true},{"start":{"line":72,"column":20},"end":{"line":72,"column":49},"skip":true},{"start":{"line":73,"column":20},"end":{"line":73,"column":58},"skip":true},{"start":{"line":74,"column":20},"end":{"line":74,"column":69},"skip":true}]},"9":{"line":79,"type":"switch","locations":[{"start":{"line":80,"column":20},"end":{"line":80,"column":33},"skip":true},{"start":{"line":81,"column":20},"end":{"line":83,"column":30},"skip":true},{"start":{"line":84,"column":20},"end":{"line":85,"column":49},"skip":true}]},"10":{"line":89,"type":"switch","locations":[{"start":{"line":90,"column":12},"end":{"line":103,"column":22},"skip":true},{"start":{"line":105,"column":12},"end":{"line":106,"column":22},"skip":true}]},"11":{"line":89,"type":"binary-expr","locations":[{"start":{"line":89,"column":20},"end":{"line":89,"column":25},"skip":true},{"start":{"line":89,"column":29},"end":{"line":89,"column":48},"skip":true},{"start":{"line":89,"column":52},"end":{"line":89,"column":74},"skip":true}]},"12":{"line":92,"type":"if","locations":[{"start":{"line":92,"column":16},"end":{"line":92,"column":16},"skip":true},{"start":{"line":92,"column":16},"end":{"line":92,"column":16},"skip":true}]},"13":{"line":108,"type":"if","locations":[{"start":{"line":108,"column":12},"end":{"line":108,"column":12},"skip":true},{"start":{"line":108,"column":12},"end":{"line":108,"column":12},"skip":true}]},"14":{"line":108,"type":"binary-expr","locations":[{"start":{"line":108,"column":16},"end":{"line":108,"column":61},"skip":true},{"start":{"line":108,"column":66},"end":{"line":108,"column":72},"skip":true},{"start":{"line":108,"column":77},"end":{"line":108,"column":82},"skip":true},{"start":{"line":109,"column":20},"end":{"line":109,"column":39},"skip":true},{"start":{"line":110,"column":20},"end":{"line":110,"column":49},"skip":true},{"start":{"line":111,"column":20},"end":{"line":111,"column":58},"skip":true},{"start":{"line":112,"column":20},"end":{"line":112,"column":68},"skip":true}]},"15":{"line":129,"type":"if","locations":[{"start":{"line":129,"column":16},"end":{"line":129,"column":16},"skip":true},{"start":{"line":129,"column":16},"end":{"line":129,"column":16},"skip":true}]},"16":{"line":134,"type":"cond-expr","locations":[{"start":{"line":135,"column":26},"end":{"line":135,"column":29},"skip":true},{"start":{"line":136,"column":26},"end":{"line":136,"column":54},"skip":true}]},"17":{"line":164,"type":"binary-expr","locations":[{"start":{"line":164,"column":27},"end":{"line":164,"column":43},"skip":true},{"start":{"line":164,"column":47},"end":{"line":164,"column":49},"skip":true}]},"18":{"line":258,"type":"if","locations":[{"start":{"line":258,"column":8},"end":{"line":258,"column":8},"skip":true},{"start":{"line":258,"column":8},"end":{"line":258,"column":8},"skip":true}]},"19":{"line":275,"type":"switch","locations":[{"start":{"line":276,"column":20},"end":{"line":277,"column":64},"skip":true},{"start":{"line":278,"column":20},"end":{"line":279,"column":40},"skip":true},{"start":{"line":280,"column":20},"end":{"line":281,"column":40},"skip":true},{"start":{"line":282,"column":20},"end":{"line":283,"column":39},"skip":true}]},"20":{"line":288,"type":"if","locations":[{"start":{"line":288,"column":8},"end":{"line":288,"column":8},"skip":true},{"start":{"line":288,"column":8},"end":{"line":288,"column":8},"skip":true}]},"21":{"line":288,"type":"binary-expr","locations":[{"start":{"line":288,"column":12},"end":{"line":288,"column":40},"skip":true},{"start":{"line":288,"column":44},"end":{"line":288,"column":67},"skip":true}]},"22":{"line":292,"type":"binary-expr","locations":[{"start":{"line":292,"column":12},"end":{"line":292,"column":50},"skip":true},{"start":{"line":293,"column":12},"end":{"line":293,"column":53},"skip":true}]},"23":{"line":297,"type":"binary-expr","locations":[{"start":{"line":297,"column":12},"end":{"line":297,"column":70},"skip":true},{"start":{"line":298,"column":12},"end":{"line":301,"column":36},"skip":true}]},"24":{"line":303,"type":"binary-expr","locations":[{"start":{"line":303,"column":43},"end":{"line":303,"column":75},"skip":true},{"start":{"line":303,"column":79},"end":{"line":303,"column":81},"skip":true}]},"25":{"line":306,"type":"if","locations":[{"start":{"line":306,"column":8},"end":{"line":306,"column":8},"skip":true},{"start":{"line":306,"column":8},"end":{"line":306,"column":8},"skip":true}]},"26":{"line":310,"type":"if","locations":[{"start":{"line":310,"column":8},"end":{"line":310,"column":8},"skip":true},{"start":{"line":310,"column":8},"end":{"line":310,"column":8},"skip":true}]},"27":{"line":313,"type":"binary-expr","locations":[{"start":{"line":313,"column":27},"end":{"line":313,"column":43},"skip":true},{"start":{"line":313,"column":47},"end":{"line":313,"column":53},"skip":true}]},"28":{"line":317,"type":"if","locations":[{"start":{"line":317,"column":12},"end":{"line":317,"column":12},"skip":true},{"start":{"line":317,"column":12},"end":{"line":317,"column":12},"skip":true}]}},"code":["/*","example.js","","quickstart example","","instruction","    1. save this script as example.js","    2. run the shell command:","        $ npm install npmtest-node-vibrant && PORT=8081 node example.js","    3. play with the browser-demo on http://127.0.0.1:8081","*/","","","","/* istanbul instrument in package npmtest_node_vibrant */","/*jslint","    bitwise: true,","    browser: true,","    maxerr: 8,","    maxlen: 96,","    node: true,","    nomen: true,","    regexp: true,","    stupid: true","*/","(function () {","    'use strict';","    var local;","","","","    // run shared js-env code - pre-init","    (function () {","        // init local","        local = {};","        // init modeJs","        local.modeJs = (function () {","            try {","                return typeof navigator.userAgent === 'string' &&","                    typeof document.querySelector('body') === 'object' &&","                    typeof XMLHttpRequest.prototype.open === 'function' &&","                    'browser';","            } catch (errorCaughtBrowser) {","                return module.exports &&","                    typeof process.versions.node === 'string' &&","                    typeof require('http').createServer === 'function' &&","                    'node';","            }","        }());","        // init global","        local.global = local.modeJs === 'browser'","            ? window","            : global;","        // init utility2_rollup","        local = local.global.utility2_rollup || (local.modeJs === 'browser'","            ? local.global.utility2_npmtest_node_vibrant","            : global.utility2_moduleExports);","        // export local","        local.global.local = local;","    }());","    switch (local.modeJs) {","","","","    // post-init","    // run browser js-env code - post-init","    /* istanbul ignore next */","    case 'browser':","        local.testRunBrowser = function (event) {","            if (!event || (event &&","                    event.currentTarget &&","                    event.currentTarget.className &&","                    event.currentTarget.className.includes &&","                    event.currentTarget.className.includes('onreset'))) {","                // reset output","                Array.from(","                    document.querySelectorAll('body > .resettable')","                ).forEach(function (element) {","                    switch (element.tagName) {","                    case 'INPUT':","                    case 'TEXTAREA':","                        element.value = '';","                        break;","                    default:","                        element.textContent = '';","                    }","                });","            }","            switch (event && event.currentTarget && event.currentTarget.id) {","            case 'testRunButton1':","                // show tests","                if (document.querySelector('#testReportDiv1').style.display === 'none') {","                    document.querySelector('#testReportDiv1').style.display = 'block';","                    document.querySelector('#testRunButton1').textContent =","                        'hide internal test';","                    local.modeTest = true;","                    local.testRunDefault(local);","                // hide tests","                } else {","                    document.querySelector('#testReportDiv1').style.display = 'none';","                    document.querySelector('#testRunButton1').textContent = 'run internal test';","                }","                break;","            // custom-case","            default:","                break;","            }","            if (document.querySelector('#inputTextareaEval1') && (!event || (event &&","                    event.currentTarget &&","                    event.currentTarget.className &&","                    event.currentTarget.className.includes &&","                    event.currentTarget.className.includes('oneval')))) {","                // try to eval input-code","                try {","                    /*jslint evil: true*/","                    eval(document.querySelector('#inputTextareaEval1').value);","                } catch (errorCaught) {","                    console.error(errorCaught);","                }","            }","        };","        // log stderr and stdout to #outputTextareaStdout1","        ['error', 'log'].forEach(function (key) {","            console[key + '_original'] = console[key];","            console[key] = function () {","                var element;","                console[key + '_original'].apply(console, arguments);","                element = document.querySelector('#outputTextareaStdout1');","                if (!element) {","                    return;","                }","                // append text to #outputTextareaStdout1","                element.value += Array.from(arguments).map(function (arg) {","                    return typeof arg === 'string'","                        ? arg","                        : JSON.stringify(arg, null, 4);","                }).join(' ') + '\\n';","                // scroll textarea to bottom","                element.scrollTop = element.scrollHeight;","            };","        });","        // init event-handling","        ['change', 'click', 'keyup'].forEach(function (event) {","            Array.from(document.querySelectorAll('.on' + event)).forEach(function (element) {","                element.addEventListener(event, local.testRunBrowser);","            });","        });","        // run tests","        local.testRunBrowser();","        break;","","","","    // run node js-env code - post-init","    /* istanbul ignore next */","    case 'node':","        // export local","        module.exports = local;","        // require modules","        local.fs = require('fs');","        local.http = require('http');","        local.url = require('url');","        // init assets","        local.assetsDict = local.assetsDict || {};","        /* jslint-ignore-begin */","        local.assetsDict['/assets.index.template.html'] = '\\","<!doctype html>\\n\\","<html lang=\"en\">\\n\\","<head>\\n\\","<meta charset=\"UTF-8\">\\n\\","<meta name=\"viewport\" content=\"width=device-width, initial-scale=1\">\\n\\","<title>{{env.npm_package_name}} (v{{env.npm_package_version}})</title>\\n\\","<style>\\n\\","/*csslint\\n\\","    box-sizing: false,\\n\\","    universal-selector: false\\n\\","*/\\n\\","* {\\n\\","    box-sizing: border-box;\\n\\","}\\n\\","body {\\n\\","    background: #dde;\\n\\","    font-family: Arial, Helvetica, sans-serif;\\n\\","    margin: 2rem;\\n\\","}\\n\\","body > * {\\n\\","    margin-bottom: 1rem;\\n\\","}\\n\\",".utility2FooterDiv {\\n\\","    margin-top: 20px;\\n\\","    text-align: center;\\n\\","}\\n\\","</style>\\n\\","<style>\\n\\","/*csslint\\n\\","*/\\n\\","textarea {\\n\\","    font-family: monospace;\\n\\","    height: 10rem;\\n\\","    width: 100%;\\n\\","}\\n\\","textarea[readonly] {\\n\\","    background: #ddd;\\n\\","}\\n\\","</style>\\n\\","</head>\\n\\","<body>\\n\\","<!-- utility2-comment\\n\\","<div id=\"ajaxProgressDiv1\" style=\"background: #d00; height: 2px; left: 0; margin: 0; padding: 0; position: fixed; top: 0; transition: background 0.5s, width 1.5s; width: 25%;\"></div>\\n\\","utility2-comment -->\\n\\","<h1>\\n\\","<!-- utility2-comment\\n\\","    <a\\n\\","        {{#if env.npm_package_homepage}}\\n\\","        href=\"{{env.npm_package_homepage}}\"\\n\\","        {{/if env.npm_package_homepage}}\\n\\","        target=\"_blank\"\\n\\","    >\\n\\","utility2-comment -->\\n\\","        {{env.npm_package_name}} (v{{env.npm_package_version}})\\n\\","<!-- utility2-comment\\n\\","    </a>\\n\\","utility2-comment -->\\n\\","</h1>\\n\\","<h3>{{env.npm_package_description}}</h3>\\n\\","<!-- utility2-comment\\n\\","<h4><a download href=\"assets.app.js\">download standalone app</a></h4>\\n\\","<button class=\"onclick onreset\" id=\"testRunButton1\">run internal test</button><br>\\n\\","<div id=\"testReportDiv1\" style=\"display: none;\"></div>\\n\\","utility2-comment -->\\n\\","\\n\\","\\n\\","\\n\\","<label>stderr and stdout</label>\\n\\","<textarea class=\"resettable\" id=\"outputTextareaStdout1\" readonly></textarea>\\n\\","<!-- utility2-comment\\n\\","{{#if isRollup}}\\n\\","<script src=\"assets.app.js\"></script>\\n\\","{{#unless isRollup}}\\n\\","utility2-comment -->\\n\\","<script src=\"assets.utility2.rollup.js\"></script>\\n\\","<script src=\"jsonp.utility2._stateInit?callback=window.utility2._stateInit\"></script>\\n\\","<script src=\"assets.npmtest_node_vibrant.rollup.js\"></script>\\n\\","<script src=\"assets.example.js\"></script>\\n\\","<script src=\"assets.test.js\"></script>\\n\\","<!-- utility2-comment\\n\\","{{/if isRollup}}\\n\\","utility2-comment -->\\n\\","<div class=\"utility2FooterDiv\">\\n\\","    [ this app was created with\\n\\","    <a href=\"https://github.com/kaizhu256/node-utility2\" target=\"_blank\">utility2</a>\\n\\","    ]\\n\\","</div>\\n\\","</body>\\n\\","</html>\\n\\","';","        /* jslint-ignore-end */","        if (local.templateRender) {","            local.assetsDict['/'] = local.templateRender(","                local.assetsDict['/assets.index.template.html'],","                {","                    env: local.objectSetDefault(local.env, {","                        npm_package_description: 'the greatest app in the world!',","                        npm_package_name: 'my-app',","                        npm_package_nameAlias: 'my_app',","                        npm_package_version: '0.0.1'","                    })","                }","            );","        } else {","            local.assetsDict['/'] = local.assetsDict['/assets.index.template.html']","                .replace((/\\{\\{env\\.(\\w+?)\\}\\}/g), function (match0, match1) {","                    // jslint-hack","                    String(match0);","                    switch (match1) {","                    case 'npm_package_description':","                        return 'the greatest app in the world!';","                    case 'npm_package_name':","                        return 'my-app';","                    case 'npm_package_nameAlias':","                        return 'my_app';","                    case 'npm_package_version':","                        return '0.0.1';","                    }","                });","        }","        // run the cli","        if (local.global.utility2_rollup || module !== require.main) {","            break;","        }","        local.assetsDict['/assets.example.js'] =","            local.assetsDict['/assets.example.js'] ||","            local.fs.readFileSync(__filename, 'utf8');","        // bug-workaround - long $npm_package_buildCustomOrg","        /* jslint-ignore-begin */","        local.assetsDict['/assets.npmtest_node_vibrant.rollup.js'] =","            local.assetsDict['/assets.npmtest_node_vibrant.rollup.js'] ||","            local.fs.readFileSync(","                local.npmtest_node_vibrant.__dirname + '/lib.npmtest_node_vibrant.js',","                'utf8'","            ).replace((/^#!/), '//');","        /* jslint-ignore-end */","        local.assetsDict['/favicon.ico'] = local.assetsDict['/favicon.ico'] || '';","        // if $npm_config_timeout_exit exists,","        // then exit this process after $npm_config_timeout_exit ms","        if (Number(process.env.npm_config_timeout_exit)) {","            setTimeout(process.exit, Number(process.env.npm_config_timeout_exit));","        }","        // start server","        if (local.global.utility2_serverHttp1) {","            break;","        }","        process.env.PORT = process.env.PORT || '8081';","        console.error('server starting on port ' + process.env.PORT);","        local.http.createServer(function (request, response) {","            request.urlParsed = local.url.parse(request.url);","            if (local.assetsDict[request.urlParsed.pathname] !== undefined) {","                response.end(local.assetsDict[request.urlParsed.pathname]);","                return;","            }","            response.statusCode = 404;","            response.end();","        }).listen(process.env.PORT);","        break;","    }","}());",""],"l":{"26":2,"28":2,"33":2,"35":2,"37":2,"38":2,"39":2,"44":1,"51":2,"55":2,"59":2,"61":2,"69":1,"70":2,"76":2,"79":2,"82":2,"83":2,"85":1,"89":2,"92":1,"93":1,"94":1,"96":1,"97":1,"100":1,"101":1,"103":1,"106":1,"108":2,"114":1,"116":1,"118":1,"123":1,"124":2,"125":2,"126":3,"127":3,"128":3,"129":3,"130":1,"133":3,"134":3,"139":3,"143":1,"144":3,"145":1,"149":1,"150":1,"158":1,"160":1,"161":1,"162":1,"164":1,"166":1,"258":1,"259":1,"271":1,"274":6,"275":6,"277":1,"279":2,"281":1,"283":2,"288":1,"289":1,"291":1,"296":1,"303":1,"306":1,"307":1,"310":1,"311":1,"313":1,"314":1,"315":1,"316":1,"317":1,"318":1,"319":1,"321":1,"322":1,"324":1}},"/home/travis/build/npmtest/node-npmtest-node-vibrant/node_modules/node-vibrant/lib/index.js":{"path":"/home/travis/build/npmtest/node-npmtest-node-vibrant/node_modules/node-vibrant/lib/index.js","s":{"1":1,"2":1,"3":1,"4":1},"b":{},"f":{},"fnMap":{},"statementMap":{"1":{"start":{"line":1,"column":0},"end":{"line":1,"column":12}},"2":{"start":{"line":3,"column":0},"end":{"line":3,"column":31}},"3":{"start":{"line":5,"column":0},"end":{"line":5,"column":52}},"4":{"start":{"line":7,"column":0},"end":{"line":7,"column":25}}},"branchMap":{},"code":["var Vibrant;","","Vibrant = require('./vibrant');","","Vibrant.DefaultOpts.Image = require('./image/node');","","module.exports = Vibrant;",""],"l":{"1":1,"3":1,"5":1,"7":1}},"/home/travis/build/npmtest/node-npmtest-node-vibrant/node_modules/node-vibrant/lib/vibrant.js":{"path":"/home/travis/build/npmtest/node-npmtest-node-vibrant/node_modules/node-vibrant/lib/vibrant.js","s":{"1":1,"2":0,"3":0,"4":1,"5":1,"6":1,"7":1,"8":1,"9":1,"10":1,"11":0,"12":1,"13":1,"14":1,"15":0,"16":0,"17":0,"18":0,"19":0,"20":0,"21":1,"22":0,"23":0,"24":0,"25":0,"26":0,"27":0,"28":0,"29":0,"30":0,"31":0,"32":0,"33":1,"34":0,"35":1,"36":0,"37":0,"38":0,"39":0,"40":0,"41":0,"42":0,"43":0,"44":1,"45":0,"46":1,"47":1,"48":1,"49":0,"50":0,"51":0,"52":1,"53":0,"54":0,"55":1,"56":0,"57":0,"58":1,"59":0,"60":0,"61":0,"62":1,"63":0,"64":0,"65":0,"66":0,"67":1,"68":0,"69":0,"70":1,"71":0,"72":0,"73":1,"74":0,"75":0,"76":1,"77":0,"78":0,"79":1,"80":0,"81":0,"82":1,"83":0,"84":0,"85":0,"86":1,"87":0,"88":1,"89":0,"90":1,"91":0,"92":1,"93":1,"94":1,"95":1,"96":1,"97":1},"b":{"1":[0,0],"2":[0,0],"3":[0,0],"4":[0,0],"5":[0,0],"6":[0,0]},"f":{"1":0,"2":0,"3":1,"4":0,"5":0,"6":0,"7":0,"8":0,"9":0,"10":0,"11":0,"12":1,"13":0,"14":0,"15":0,"16":0,"17":0,"18":0,"19":0,"20":0,"21":0,"22":0,"23":0,"24":0,"25":0,"26":0},"fnMap":{"1":{"name":"(anonymous_1)","line":14,"loc":{"start":{"line":14,"column":9},"end":{"line":14,"column":25}}},"2":{"name":"(anonymous_2)","line":14,"loc":{"start":{"line":14,"column":34},"end":{"line":14,"column":44}}},"3":{"name":"(anonymous_3)","line":24,"loc":{"start":{"line":24,"column":28},"end":{"line":24,"column":39}}},"4":{"name":"(anonymous_4)","line":34,"loc":{"start":{"line":34,"column":17},"end":{"line":34,"column":31}}},"5":{"name":"Vibrant","line":42,"loc":{"start":{"line":42,"column":2},"end":{"line":42,"column":38}}},"6":{"name":"(anonymous_6)","line":52,"loc":{"start":{"line":52,"column":33},"end":{"line":52,"column":46}}},"7":{"name":"(anonymous_7)","line":54,"loc":{"start":{"line":54,"column":58},"end":{"line":54,"column":74}}},"8":{"name":"(anonymous_8)","line":55,"loc":{"start":{"line":55,"column":13},"end":{"line":55,"column":34}}},"9":{"name":"(anonymous_9)","line":71,"loc":{"start":{"line":71,"column":34},"end":{"line":71,"column":47}}},"10":{"name":"(anonymous_10)","line":75,"loc":{"start":{"line":75,"column":31},"end":{"line":75,"column":53}}},"11":{"name":"(anonymous_11)","line":86,"loc":{"start":{"line":86,"column":31},"end":{"line":86,"column":42}}},"12":{"name":"(anonymous_12)","line":101,"loc":{"start":{"line":101,"column":36},"end":{"line":101,"column":47}}},"13":{"name":"Builder","line":102,"loc":{"start":{"line":102,"column":2},"end":{"line":102,"column":32}}},"14":{"name":"(anonymous_14)","line":108,"loc":{"start":{"line":108,"column":36},"end":{"line":108,"column":48}}},"15":{"name":"(anonymous_15)","line":113,"loc":{"start":{"line":113,"column":35},"end":{"line":113,"column":47}}},"16":{"name":"(anonymous_16)","line":118,"loc":{"start":{"line":118,"column":32},"end":{"line":118,"column":44}}},"17":{"name":"(anonymous_17)","line":125,"loc":{"start":{"line":125,"column":35},"end":{"line":125,"column":47}}},"18":{"name":"(anonymous_18)","line":133,"loc":{"start":{"line":133,"column":35},"end":{"line":133,"column":46}}},"19":{"name":"(anonymous_19)","line":138,"loc":{"start":{"line":138,"column":30},"end":{"line":138,"column":42}}},"20":{"name":"(anonymous_20)","line":143,"loc":{"start":{"line":143,"column":31},"end":{"line":143,"column":47}}},"21":{"name":"(anonymous_21)","line":148,"loc":{"start":{"line":148,"column":35},"end":{"line":148,"column":55}}},"22":{"name":"(anonymous_22)","line":153,"loc":{"start":{"line":153,"column":35},"end":{"line":153,"column":55}}},"23":{"name":"(anonymous_23)","line":158,"loc":{"start":{"line":158,"column":28},"end":{"line":158,"column":39}}},"24":{"name":"(anonymous_24)","line":165,"loc":{"start":{"line":165,"column":34},"end":{"line":165,"column":47}}},"25":{"name":"(anonymous_25)","line":169,"loc":{"start":{"line":169,"column":33},"end":{"line":169,"column":46}}},"26":{"name":"(anonymous_26)","line":173,"loc":{"start":{"line":173,"column":27},"end":{"line":173,"column":41}}}},"statementMap":{"1":{"start":{"line":13,"column":0},"end":{"line":14,"column":83}},"2":{"start":{"line":14,"column":27},"end":{"line":14,"column":80}},"3":{"start":{"line":14,"column":46},"end":{"line":14,"column":77}},"4":{"start":{"line":16,"column":0},"end":{"line":16,"column":29}},"5":{"start":{"line":18,"column":0},"end":{"line":18,"column":25}},"6":{"start":{"line":20,"column":0},"end":{"line":20,"column":50}},"7":{"start":{"line":22,"column":0},"end":{"line":22,"column":29}},"8":{"start":{"line":24,"column":0},"end":{"line":99,"column":5}},"9":{"start":{"line":25,"column":2},"end":{"line":32,"column":4}},"10":{"start":{"line":34,"column":2},"end":{"line":36,"column":4}},"11":{"start":{"line":35,"column":4},"end":{"line":35,"column":28}},"12":{"start":{"line":38,"column":2},"end":{"line":38,"column":51}},"13":{"start":{"line":40,"column":2},"end":{"line":40,"column":35}},"14":{"start":{"line":42,"column":2},"end":{"line":50,"column":3}},"15":{"start":{"line":43,"column":4},"end":{"line":43,"column":35}},"16":{"start":{"line":44,"column":4},"end":{"line":46,"column":5}},"17":{"start":{"line":45,"column":6},"end":{"line":45,"column":16}},"18":{"start":{"line":47,"column":4},"end":{"line":47,"column":46}},"19":{"start":{"line":48,"column":4},"end":{"line":48,"column":66}},"20":{"start":{"line":49,"column":4},"end":{"line":49,"column":41}},"21":{"start":{"line":52,"column":2},"end":{"line":69,"column":4}},"22":{"start":{"line":53,"column":4},"end":{"line":53,"column":14}},"23":{"start":{"line":54,"column":4},"end":{"line":68,"column":14}},"24":{"start":{"line":55,"column":6},"end":{"line":67,"column":8}},"25":{"start":{"line":56,"column":8},"end":{"line":56,"column":26}},"26":{"start":{"line":57,"column":8},"end":{"line":59,"column":9}},"27":{"start":{"line":58,"column":10},"end":{"line":58,"column":25}},"28":{"start":{"line":60,"column":8},"end":{"line":66,"column":9}},"29":{"start":{"line":61,"column":10},"end":{"line":61,"column":44}},"30":{"start":{"line":62,"column":10},"end":{"line":62,"column":44}},"31":{"start":{"line":64,"column":10},"end":{"line":64,"column":25}},"32":{"start":{"line":65,"column":10},"end":{"line":65,"column":27}},"33":{"start":{"line":71,"column":2},"end":{"line":73,"column":4}},"34":{"start":{"line":72,"column":4},"end":{"line":72,"column":31}},"35":{"start":{"line":75,"column":2},"end":{"line":84,"column":4}},"36":{"start":{"line":76,"column":4},"end":{"line":76,"column":39}},"37":{"start":{"line":77,"column":4},"end":{"line":77,"column":31}},"38":{"start":{"line":78,"column":4},"end":{"line":78,"column":37}},"39":{"start":{"line":79,"column":4},"end":{"line":79,"column":42}},"40":{"start":{"line":80,"column":4},"end":{"line":80,"column":52}},"41":{"start":{"line":81,"column":4},"end":{"line":81,"column":46}},"42":{"start":{"line":82,"column":4},"end":{"line":82,"column":38}},"43":{"start":{"line":83,"column":4},"end":{"line":83,"column":32}},"44":{"start":{"line":86,"column":2},"end":{"line":95,"column":4}},"45":{"start":{"line":87,"column":4},"end":{"line":94,"column":6}},"46":{"start":{"line":97,"column":2},"end":{"line":97,"column":17}},"47":{"start":{"line":101,"column":0},"end":{"line":179,"column":5}},"48":{"start":{"line":102,"column":2},"end":{"line":106,"column":3}},"49":{"start":{"line":103,"column":4},"end":{"line":103,"column":20}},"50":{"start":{"line":104,"column":4},"end":{"line":104,"column":43}},"51":{"start":{"line":105,"column":4},"end":{"line":105,"column":64}},"52":{"start":{"line":108,"column":2},"end":{"line":111,"column":4}},"53":{"start":{"line":109,"column":4},"end":{"line":109,"column":29}},"54":{"start":{"line":110,"column":4},"end":{"line":110,"column":16}},"55":{"start":{"line":113,"column":2},"end":{"line":116,"column":4}},"56":{"start":{"line":114,"column":4},"end":{"line":114,"column":31}},"57":{"start":{"line":115,"column":4},"end":{"line":115,"column":16}},"58":{"start":{"line":118,"column":2},"end":{"line":123,"column":4}},"59":{"start":{"line":119,"column":4},"end":{"line":121,"column":5}},"60":{"start":{"line":120,"column":6},"end":{"line":120,"column":32}},"61":{"start":{"line":122,"column":4},"end":{"line":122,"column":16}},"62":{"start":{"line":125,"column":2},"end":{"line":131,"column":4}},"63":{"start":{"line":126,"column":4},"end":{"line":126,"column":10}},"64":{"start":{"line":127,"column":4},"end":{"line":129,"column":5}},"65":{"start":{"line":128,"column":6},"end":{"line":128,"column":34}},"66":{"start":{"line":130,"column":4},"end":{"line":130,"column":16}},"67":{"start":{"line":133,"column":2},"end":{"line":136,"column":4}},"68":{"start":{"line":134,"column":4},"end":{"line":134,"column":27}},"69":{"start":{"line":135,"column":4},"end":{"line":135,"column":16}},"70":{"start":{"line":138,"column":2},"end":{"line":141,"column":4}},"71":{"start":{"line":139,"column":4},"end":{"line":139,"column":26}},"72":{"start":{"line":140,"column":4},"end":{"line":140,"column":16}},"73":{"start":{"line":143,"column":2},"end":{"line":146,"column":4}},"74":{"start":{"line":144,"column":4},"end":{"line":144,"column":28}},"75":{"start":{"line":145,"column":4},"end":{"line":145,"column":16}},"76":{"start":{"line":148,"column":2},"end":{"line":151,"column":4}},"77":{"start":{"line":149,"column":4},"end":{"line":149,"column":36}},"78":{"start":{"line":150,"column":4},"end":{"line":150,"column":16}},"79":{"start":{"line":153,"column":2},"end":{"line":156,"column":4}},"80":{"start":{"line":154,"column":4},"end":{"line":154,"column":36}},"81":{"start":{"line":155,"column":4},"end":{"line":155,"column":16}},"82":{"start":{"line":158,"column":2},"end":{"line":163,"column":4}},"83":{"start":{"line":159,"column":4},"end":{"line":161,"column":5}},"84":{"start":{"line":160,"column":6},"end":{"line":160,"column":48}},"85":{"start":{"line":162,"column":4},"end":{"line":162,"column":18}},"86":{"start":{"line":165,"column":2},"end":{"line":167,"column":4}},"87":{"start":{"line":166,"column":4},"end":{"line":166,"column":39}},"88":{"start":{"line":169,"column":2},"end":{"line":171,"column":4}},"89":{"start":{"line":170,"column":4},"end":{"line":170,"column":39}},"90":{"start":{"line":173,"column":2},"end":{"line":175,"column":4}},"91":{"start":{"line":174,"column":4},"end":{"line":174,"column":39}},"92":{"start":{"line":177,"column":2},"end":{"line":177,"column":17}},"93":{"start":{"line":181,"column":0},"end":{"line":181,"column":27}},"94":{"start":{"line":183,"column":0},"end":{"line":183,"column":31}},"95":{"start":{"line":185,"column":0},"end":{"line":185,"column":51}},"96":{"start":{"line":187,"column":0},"end":{"line":187,"column":51}},"97":{"start":{"line":189,"column":0},"end":{"line":189,"column":45}}},"branchMap":{"1":{"line":44,"type":"if","locations":[{"start":{"line":44,"column":4},"end":{"line":44,"column":4}},{"start":{"line":44,"column":4},"end":{"line":44,"column":4}}]},"2":{"line":57,"type":"if","locations":[{"start":{"line":57,"column":8},"end":{"line":57,"column":8}},{"start":{"line":57,"column":8},"end":{"line":57,"column":8}}]},"3":{"line":104,"type":"cond-expr","locations":[{"start":{"line":104,"column":32},"end":{"line":104,"column":37}},{"start":{"line":104,"column":40},"end":{"line":104,"column":42}}]},"4":{"line":119,"type":"if","locations":[{"start":{"line":119,"column":4},"end":{"line":119,"column":4}},{"start":{"line":119,"column":4},"end":{"line":119,"column":4}}]},"5":{"line":127,"type":"if","locations":[{"start":{"line":127,"column":4},"end":{"line":127,"column":4}},{"start":{"line":127,"column":4},"end":{"line":127,"column":4}}]},"6":{"line":159,"type":"if","locations":[{"start":{"line":159,"column":4},"end":{"line":159,"column":4}},{"start":{"line":159,"column":4},"end":{"line":159,"column":4}}]}},"code":["","/*","  From Vibrant.js by Jari Zwarts","  Ported to node.js by AKFish","","  Color algorithm class that finds variations on colors in an image.","","  Credits","  --------","  Lokesh Dhakar (http://www.lokeshdhakar.com) - Created ColorThief","  Google - Palette support library in Android"," */","var Builder, DefaultGenerator, Filter, Swatch, Vibrant, util,","  bind = function(fn, me){ return function(){ return fn.apply(me, arguments); }; };","","Swatch = require('./swatch');","","util = require('./util');","","DefaultGenerator = require('./generator').Default;","","Filter = require('./filter');","","module.exports = Vibrant = (function() {","  Vibrant.DefaultOpts = {","    colorCount: 64,","    quality: 5,","    generator: new DefaultGenerator(),","    Image: null,","    Quantizer: require('./quantizer').MMCQ,","    filters: []","  };","","  Vibrant.from = function(src) {","    return new Builder(src);","  };","","  Vibrant.prototype.quantize = require('quantize');","","  Vibrant.prototype._swatches = [];","","  function Vibrant(sourceImage, opts) {","    this.sourceImage = sourceImage;","    if (opts == null) {","      opts = {};","    }","    this.swatches = bind(this.swatches, this);","    this.opts = util.defaults(opts, this.constructor.DefaultOpts);","    this.generator = this.opts.generator;","  }","","  Vibrant.prototype.getPalette = function(cb) {","    var image;","    return image = new this.opts.Image(this.sourceImage, (function(_this) {","      return function(err, image) {","        var error, error1;","        if (err != null) {","          return cb(err);","        }","        try {","          _this._process(image, _this.opts);","          return cb(null, _this.swatches());","        } catch (error1) {","          error = error1;","          return cb(error);","        }","      };","    })(this));","  };","","  Vibrant.prototype.getSwatches = function(cb) {","    return this.getPalette(cb);","  };","","  Vibrant.prototype._process = function(image, opts) {","    var imageData, quantizer, swatches;","    image.scaleDown(this.opts);","    imageData = image.getImageData();","    quantizer = new this.opts.Quantizer();","    quantizer.initialize(imageData.data, this.opts);","    swatches = quantizer.getQuantizedColors();","    this.generator.generate(swatches);","    return image.removeCanvas();","  };","","  Vibrant.prototype.swatches = function() {","    return {","      Vibrant: this.generator.getVibrantSwatch(),","      Muted: this.generator.getMutedSwatch(),","      DarkVibrant: this.generator.getDarkVibrantSwatch(),","      DarkMuted: this.generator.getDarkMutedSwatch(),","      LightVibrant: this.generator.getLightVibrantSwatch(),","      LightMuted: this.generator.getLightMutedSwatch()","    };","  };","","  return Vibrant;","","})();","","module.exports.Builder = Builder = (function() {","  function Builder(src1, opts1) {","    this.src = src1;","    this.opts = opts1 != null ? opts1 : {};","    this.opts.filters = util.clone(Vibrant.DefaultOpts.filters);","  }","","  Builder.prototype.maxColorCount = function(n) {","    this.opts.colorCount = n;","    return this;","  };","","  Builder.prototype.maxDimension = function(d) {","    this.opts.maxDimension = d;","    return this;","  };","","  Builder.prototype.addFilter = function(f) {","    if (typeof f === 'function') {","      this.opts.filters.push(f);","    }","    return this;","  };","","  Builder.prototype.removeFilter = function(f) {","    var i;","    if ((i = this.opts.filters.indexOf(f)) > 0) {","      this.opts.filters.splice(i);","    }","    return this;","  };","","  Builder.prototype.clearFilters = function() {","    this.opts.filters = [];","    return this;","  };","","  Builder.prototype.quality = function(q) {","    this.opts.quality = q;","    return this;","  };","","  Builder.prototype.useImage = function(image) {","    this.opts.Image = image;","    return this;","  };","","  Builder.prototype.useGenerator = function(generator) {","    this.opts.generator = generator;","    return this;","  };","","  Builder.prototype.useQuantizer = function(quantizer) {","    this.opts.Quantizer = quantizer;","    return this;","  };","","  Builder.prototype.build = function() {","    if (this.v == null) {","      this.v = new Vibrant(this.src, this.opts);","    }","    return this.v;","  };","","  Builder.prototype.getSwatches = function(cb) {","    return this.build().getPalette(cb);","  };","","  Builder.prototype.getPalette = function(cb) {","    return this.build().getPalette(cb);","  };","","  Builder.prototype.from = function(src) {","    return new Vibrant(src, this.opts);","  };","","  return Builder;","","})();","","module.exports.Util = util;","","module.exports.Swatch = Swatch;","","module.exports.Quantizer = require('./quantizer/');","","module.exports.Generator = require('./generator/');","","module.exports.Filter = require('./filter/');",""],"l":{"13":1,"14":0,"16":1,"18":1,"20":1,"22":1,"24":1,"25":1,"34":1,"35":0,"38":1,"40":1,"42":1,"43":0,"44":0,"45":0,"47":0,"48":0,"49":0,"52":1,"53":0,"54":0,"55":0,"56":0,"57":0,"58":0,"60":0,"61":0,"62":0,"64":0,"65":0,"71":1,"72":0,"75":1,"76":0,"77":0,"78":0,"79":0,"80":0,"81":0,"82":0,"83":0,"86":1,"87":0,"97":1,"101":1,"102":1,"103":0,"104":0,"105":0,"108":1,"109":0,"110":0,"113":1,"114":0,"115":0,"118":1,"119":0,"120":0,"122":0,"125":1,"126":0,"127":0,"128":0,"130":0,"133":1,"134":0,"135":0,"138":1,"139":0,"140":0,"143":1,"144":0,"145":0,"148":1,"149":0,"150":0,"153":1,"154":0,"155":0,"158":1,"159":0,"160":0,"162":0,"165":1,"166":0,"169":1,"170":0,"173":1,"174":0,"177":1,"181":1,"183":1,"185":1,"187":1,"189":1}},"/home/travis/build/npmtest/node-npmtest-node-vibrant/node_modules/node-vibrant/lib/swatch.js":{"path":"/home/travis/build/npmtest/node-npmtest-node-vibrant/node_modules/node-vibrant/lib/swatch.js","s":{"1":1,"2":1,"3":1,"4":1,"5":1,"6":1,"7":1,"8":1,"9":0,"10":0,"11":1,"12":0,"13":0,"14":0,"15":1,"16":0,"17":1,"18":0,"19":1,"20":0,"21":1,"22":0,"23":0,"24":0,"25":0,"26":1,"27":0,"28":0,"29":0,"30":0,"31":1,"32":0,"33":0,"34":1},"b":{"1":[0,0],"2":[0,0],"3":[0,0],"4":[0,0]},"f":{"1":1,"2":0,"3":0,"4":0,"5":0,"6":0,"7":0,"8":0,"9":0},"fnMap":{"1":{"name":"(anonymous_1)","line":13,"loc":{"start":{"line":13,"column":27},"end":{"line":13,"column":38}}},"2":{"name":"Swatch","line":22,"loc":{"start":{"line":22,"column":2},"end":{"line":22,"column":35}}},"3":{"name":"(anonymous_3)","line":27,"loc":{"start":{"line":27,"column":28},"end":{"line":27,"column":39}}},"4":{"name":"(anonymous_4)","line":35,"loc":{"start":{"line":35,"column":35},"end":{"line":35,"column":46}}},"5":{"name":"(anonymous_5)","line":39,"loc":{"start":{"line":39,"column":28},"end":{"line":39,"column":39}}},"6":{"name":"(anonymous_6)","line":43,"loc":{"start":{"line":43,"column":28},"end":{"line":43,"column":39}}},"7":{"name":"(anonymous_7)","line":47,"loc":{"start":{"line":47,"column":39},"end":{"line":47,"column":50}}},"8":{"name":"(anonymous_8)","line":56,"loc":{"start":{"line":56,"column":38},"end":{"line":56,"column":49}}},"9":{"name":"(anonymous_9)","line":65,"loc":{"start":{"line":65,"column":39},"end":{"line":65,"column":50}}}},"statementMap":{"1":{"start":{"line":1,"column":0},"end":{"line":1,"column":17}},"2":{"start":{"line":3,"column":0},"end":{"line":3,"column":25}},"3":{"start":{"line":13,"column":0},"end":{"line":73,"column":5}},"4":{"start":{"line":14,"column":2},"end":{"line":14,"column":32}},"5":{"start":{"line":16,"column":2},"end":{"line":16,"column":32}},"6":{"start":{"line":18,"column":2},"end":{"line":18,"column":34}},"7":{"start":{"line":20,"column":2},"end":{"line":20,"column":27}},"8":{"start":{"line":22,"column":2},"end":{"line":25,"column":3}},"9":{"start":{"line":23,"column":4},"end":{"line":23,"column":19}},"10":{"start":{"line":24,"column":4},"end":{"line":24,"column":33}},"11":{"start":{"line":27,"column":2},"end":{"line":33,"column":4}},"12":{"start":{"line":28,"column":4},"end":{"line":32,"column":5}},"13":{"start":{"line":29,"column":6},"end":{"line":29,"column":77}},"14":{"start":{"line":31,"column":6},"end":{"line":31,"column":22}},"15":{"start":{"line":35,"column":2},"end":{"line":37,"column":4}},"16":{"start":{"line":36,"column":4},"end":{"line":36,"column":27}},"17":{"start":{"line":39,"column":2},"end":{"line":41,"column":4}},"18":{"start":{"line":40,"column":4},"end":{"line":40,"column":20}},"19":{"start":{"line":43,"column":2},"end":{"line":45,"column":4}},"20":{"start":{"line":44,"column":4},"end":{"line":44,"column":64}},"21":{"start":{"line":47,"column":2},"end":{"line":54,"column":4}},"22":{"start":{"line":48,"column":4},"end":{"line":48,"column":29}},"23":{"start":{"line":49,"column":4},"end":{"line":53,"column":5}},"24":{"start":{"line":50,"column":6},"end":{"line":50,"column":20}},"25":{"start":{"line":52,"column":6},"end":{"line":52,"column":20}},"26":{"start":{"line":56,"column":2},"end":{"line":63,"column":4}},"27":{"start":{"line":57,"column":4},"end":{"line":57,"column":29}},"28":{"start":{"line":58,"column":4},"end":{"line":62,"column":5}},"29":{"start":{"line":59,"column":6},"end":{"line":59,"column":20}},"30":{"start":{"line":61,"column":6},"end":{"line":61,"column":20}},"31":{"start":{"line":65,"column":2},"end":{"line":69,"column":4}},"32":{"start":{"line":66,"column":4},"end":{"line":68,"column":5}},"33":{"start":{"line":67,"column":6},"end":{"line":67,"column":91}},"34":{"start":{"line":71,"column":2},"end":{"line":71,"column":16}}},"branchMap":{"1":{"line":28,"type":"if","locations":[{"start":{"line":28,"column":4},"end":{"line":28,"column":4}},{"start":{"line":28,"column":4},"end":{"line":28,"column":4}}]},"2":{"line":49,"type":"if","locations":[{"start":{"line":49,"column":4},"end":{"line":49,"column":4}},{"start":{"line":49,"column":4},"end":{"line":49,"column":4}}]},"3":{"line":58,"type":"if","locations":[{"start":{"line":58,"column":4},"end":{"line":58,"column":4}},{"start":{"line":58,"column":4},"end":{"line":58,"column":4}}]},"4":{"line":66,"type":"if","locations":[{"start":{"line":66,"column":4},"end":{"line":66,"column":4}},{"start":{"line":66,"column":4},"end":{"line":66,"column":4}}]}},"code":["var Swatch, util;","","util = require('./util');","","","/*","  From Vibrant.js by Jari Zwarts","  Ported to node.js by AKFish","","  Swatch class"," */","","module.exports = Swatch = (function() {","  Swatch.prototype.hsl = void 0;","","  Swatch.prototype.rgb = void 0;","","  Swatch.prototype.population = 1;","","  Swatch.prototype.yiq = 0;","","  function Swatch(rgb, population) {","    this.rgb = rgb;","    this.population = population;","  }","","  Swatch.prototype.getHsl = function() {","    if (!this.hsl) {","      return this.hsl = util.rgbToHsl(this.rgb[0], this.rgb[1], this.rgb[2]);","    } else {","      return this.hsl;","    }","  };","","  Swatch.prototype.getPopulation = function() {","    return this.population;","  };","","  Swatch.prototype.getRgb = function() {","    return this.rgb;","  };","","  Swatch.prototype.getHex = function() {","    return util.rgbToHex(this.rgb[0], this.rgb[1], this.rgb[2]);","  };","","  Swatch.prototype.getTitleTextColor = function() {","    this._ensureTextColors();","    if (this.yiq < 200) {","      return \"#fff\";","    } else {","      return \"#000\";","    }","  };","","  Swatch.prototype.getBodyTextColor = function() {","    this._ensureTextColors();","    if (this.yiq < 150) {","      return \"#fff\";","    } else {","      return \"#000\";","    }","  };","","  Swatch.prototype._ensureTextColors = function() {","    if (!this.yiq) {","      return this.yiq = (this.rgb[0] * 299 + this.rgb[1] * 587 + this.rgb[2] * 114) / 1000;","    }","  };","","  return Swatch;","","})();",""],"l":{"1":1,"3":1,"13":1,"14":1,"16":1,"18":1,"20":1,"22":1,"23":0,"24":0,"27":1,"28":0,"29":0,"31":0,"35":1,"36":0,"39":1,"40":0,"43":1,"44":0,"47":1,"48":0,"49":0,"50":0,"52":0,"56":1,"57":0,"58":0,"59":0,"61":0,"65":1,"66":0,"67":0,"71":1}},"/home/travis/build/npmtest/node-npmtest-node-vibrant/node_modules/node-vibrant/lib/util.js":{"path":"/home/travis/build/npmtest/node-npmtest-node-vibrant/node_modules/node-vibrant/lib/util.js","s":{"1":1,"2":1,"3":1,"4":1,"5":1,"6":14,"7":14,"8":0,"9":0,"10":0,"11":0,"12":0,"13":0,"14":0,"15":0,"16":0,"17":14,"18":1,"19":1,"20":1,"21":2,"22":2,"23":14,"24":14,"25":14,"26":1,"27":0,"28":0,"29":0,"30":0,"31":0,"32":0,"33":0,"34":0,"35":0,"36":0,"37":0,"38":0,"39":0,"40":0,"41":0,"42":0,"43":0,"44":0,"45":0,"46":0,"47":0,"48":0,"49":0,"50":0,"51":0,"52":0,"53":0,"54":0,"55":0,"56":0,"57":0,"58":0,"59":0,"60":0,"61":0,"62":0,"63":0,"64":0,"65":0,"66":0,"67":0,"68":0,"69":0,"70":0,"71":0,"72":0,"73":0,"74":0,"75":0,"76":0,"77":0,"78":0,"79":0,"80":0,"81":0,"82":0,"83":0,"84":0,"85":0,"86":0,"87":0,"88":0,"89":0,"90":0,"91":0,"92":0,"93":0,"94":0,"95":0,"96":0,"97":0,"98":0,"99":0,"100":0,"101":0,"102":0,"103":0,"104":0,"105":0,"106":0,"107":0,"108":0,"109":0,"110":0,"111":0,"112":0,"113":0,"114":0,"115":0,"116":0,"117":0,"118":0,"119":0,"120":0,"121":0,"122":0,"123":0,"124":0,"125":0,"126":0,"127":0,"128":0,"129":0,"130":0,"131":0,"132":0,"133":0,"134":0,"135":0,"136":0,"137":0,"138":0,"139":0,"140":0,"141":0,"142":0,"143":0,"144":0,"145":0,"146":0,"147":0,"148":0,"149":0,"150":0,"151":0,"152":0},"b":{"1":[0,14],"2":[0,0],"3":[14,0],"4":[0,0],"5":[0,0],"6":[0,0],"7":[0,0,0],"8":[0,0],"9":[0,0],"10":[0,0],"11":[0,0],"12":[0,0],"13":[0,0],"14":[0,0],"15":[0,0],"16":[0,0],"17":[0,0],"18":[0,0],"19":[0,0],"20":[0,0],"21":[0,0],"22":[0,0],"23":[0,0],"24":[0,0],"25":[0,0],"26":[0,0],"27":[0,0]},"f":{"1":14,"2":0,"3":0,"4":1,"5":0,"6":0,"7":0,"8":0,"9":0,"10":0,"11":0,"12":0,"13":0,"14":0,"15":0,"16":0,"17":0,"18":0},"fnMap":{"1":{"name":"(anonymous_1)","line":16,"loc":{"start":{"line":16,"column":9},"end":{"line":16,"column":21}}},"2":{"name":"(anonymous_2)","line":20,"loc":{"start":{"line":20,"column":22},"end":{"line":20,"column":38}}},"3":{"name":"(anonymous_3)","line":21,"loc":{"start":{"line":21,"column":17},"end":{"line":21,"column":29}}},"4":{"name":"(anonymous_4)","line":36,"loc":{"start":{"line":36,"column":12},"end":{"line":36,"column":23}}},"5":{"name":"(anonymous_5)","line":50,"loc":{"start":{"line":50,"column":12},"end":{"line":50,"column":26}}},"6":{"name":"(anonymous_6)","line":54,"loc":{"start":{"line":54,"column":36},"end":{"line":54,"column":48}}},"7":{"name":"(anonymous_7)","line":60,"loc":{"start":{"line":60,"column":12},"end":{"line":60,"column":30}}},"8":{"name":"(anonymous_8)","line":63,"loc":{"start":{"line":63,"column":12},"end":{"line":63,"column":30}}},"9":{"name":"(anonymous_9)","line":92,"loc":{"start":{"line":92,"column":12},"end":{"line":92,"column":30}}},"10":{"name":"(anonymous_10)","line":97,"loc":{"start":{"line":97,"column":14},"end":{"line":97,"column":32}}},"11":{"name":"(anonymous_11)","line":126,"loc":{"start":{"line":126,"column":12},"end":{"line":126,"column":30}}},"12":{"name":"(anonymous_12)","line":142,"loc":{"start":{"line":142,"column":15},"end":{"line":142,"column":33}}},"13":{"name":"(anonymous_13)","line":158,"loc":{"start":{"line":158,"column":15},"end":{"line":158,"column":33}}},"14":{"name":"(anonymous_14)","line":163,"loc":{"start":{"line":163,"column":12},"end":{"line":163,"column":33}}},"15":{"name":"(anonymous_15)","line":190,"loc":{"start":{"line":190,"column":11},"end":{"line":190,"column":32}}},"16":{"name":"(anonymous_16)","line":196,"loc":{"start":{"line":196,"column":11},"end":{"line":196,"column":32}}},"17":{"name":"(anonymous_17)","line":203,"loc":{"start":{"line":203,"column":22},"end":{"line":203,"column":34}}},"18":{"name":"(anonymous_18)","line":223,"loc":{"start":{"line":223,"column":17},"end":{"line":223,"column":35}}}},"statementMap":{"1":{"start":{"line":1,"column":0},"end":{"line":1,"column":30}},"2":{"start":{"line":3,"column":0},"end":{"line":9,"column":2}},"3":{"start":{"line":11,"column":0},"end":{"line":11,"column":12}},"4":{"start":{"line":13,"column":0},"end":{"line":13,"column":21}},"5":{"start":{"line":15,"column":0},"end":{"line":226,"column":2}},"6":{"start":{"line":17,"column":4},"end":{"line":17,"column":23}},"7":{"start":{"line":18,"column":4},"end":{"line":33,"column":5}},"8":{"start":{"line":19,"column":6},"end":{"line":32,"column":7}},"9":{"start":{"line":20,"column":8},"end":{"line":24,"column":18}},"10":{"start":{"line":21,"column":10},"end":{"line":23,"column":12}},"11":{"start":{"line":22,"column":12},"end":{"line":22,"column":34}},"12":{"start":{"line":26,"column":8},"end":{"line":26,"column":16}},"13":{"start":{"line":27,"column":8},"end":{"line":30,"column":9}},"14":{"start":{"line":28,"column":10},"end":{"line":28,"column":25}},"15":{"start":{"line":29,"column":10},"end":{"line":29,"column":38}},"16":{"start":{"line":31,"column":8},"end":{"line":31,"column":18}},"17":{"start":{"line":34,"column":4},"end":{"line":34,"column":13}},"18":{"start":{"line":37,"column":4},"end":{"line":37,"column":34}},"19":{"start":{"line":38,"column":4},"end":{"line":38,"column":11}},"20":{"start":{"line":39,"column":4},"end":{"line":47,"column":5}},"21":{"start":{"line":40,"column":6},"end":{"line":40,"column":24}},"22":{"start":{"line":41,"column":6},"end":{"line":46,"column":7}},"23":{"start":{"line":42,"column":8},"end":{"line":42,"column":24}},"24":{"start":{"line":43,"column":8},"end":{"line":45,"column":9}},"25":{"start":{"line":44,"column":10},"end":{"line":44,"column":
[...]
{"line":122,"column":12}}]},"10":{"line":112,"type":"cond-expr","locations":[{"start":{"line":112,"column":60},"end":{"line":112,"column":69}},{"start":{"line":112,"column":72},"end":{"line":112,"column":81}}]},"11":{"line":112,"type":"cond-expr","locations":[{"start":{"line":112,"column":101},"end":{"line":112,"column":104}},{"start":{"line":112,"column":107},"end":{"line":112,"column":110}}]},"12":{"line":118,"type":"cond-expr","locations":[{"start":{"line":118,"column":62},"end":{"line":118,"column":71}},{"start":{"line":118,"column":74},"end":{"line":118,"column":83}}]},"13":{"line":118,"type":"cond-expr","locations":[{"start":{"line":118,"column":104},"end":{"line":118,"column":107}},{"start":{"line":118,"column":110},"end":{"line":118,"column":113}}]},"14":{"line":136,"type":"if","locations":[{"start":{"line":136,"column":2},"end":{"line":136,"column":2}},{"start":{"line":136,"column":2},"end":{"line":136,"column":2}}]},"15":{"line":136,"type":"binary-expr","locations":[{"start":{"line":136,"column":9},"end":{"line":136,"column":18}},{"start":{"line":136,"column":24},"end":{"line":136,"column":33}}]},"16":{"line":163,"type":"cond-expr","locations":[{"start":{"line":163,"column":54},"end":{"line":163,"column":62}},{"start":{"line":163,"column":65},"end":{"line":163,"column":73}}]},"17":{"line":163,"type":"cond-expr","locations":[{"start":{"line":163,"column":90},"end":{"line":163,"column":93}},{"start":{"line":163,"column":96},"end":{"line":163,"column":99}}]},"18":{"line":168,"type":"cond-expr","locations":[{"start":{"line":168,"column":65},"end":{"line":168,"column":74}},{"start":{"line":168,"column":77},"end":{"line":168,"column":86}}]},"19":{"line":168,"type":"cond-expr","locations":[{"start":{"line":168,"column":108},"end":{"line":168,"column":111}},{"start":{"line":168,"column":114},"end":{"line":168,"column":117}}]},"20":{"line":169,"type":"if","locations":[{"start":{"line":169,"column":6},"end":{"line":169,"column":6}},{"start":{"line":169,"column":6},"end":{"line":169,"column":6}}]},"21":{"line":175,"type":"cond-expr","locations":[{"start":{"line":175,"column":65},"end":{"line":175,"column":74}},{"start":{"line":175,"column":77},"end":{"line":175,"column":86}}]},"22":{"line":175,"type":"cond-expr","locations":[{"start":{"line":175,"column":108},"end":{"line":175,"column":111}},{"start":{"line":175,"column":114},"end":{"line":175,"column":117}}]},"23":{"line":176,"type":"if","locations":[{"start":{"line":176,"column":6},"end":{"line":176,"column":6}},{"start":{"line":176,"column":6},"end":{"line":176,"column":6}}]},"24":{"line":180,"type":"if","locations":[{"start":{"line":180,"column":4},"end":{"line":180,"column":4}},{"start":{"line":180,"column":4},"end":{"line":180,"column":4}}]},"25":{"line":182,"type":"cond-expr","locations":[{"start":{"line":182,"column":65},"end":{"line":182,"column":74}},{"start":{"line":182,"column":77},"end":{"line":182,"column":86}}]},"26":{"line":182,"type":"cond-expr","locations":[{"start":{"line":182,"column":104},"end":{"line":182,"column":107}},{"start":{"line":182,"column":110},"end":{"line":182,"column":113}}]},"27":{"line":209,"type":"if","locations":[{"start":{"line":209,"column":6},"end":{"line":209,"column":6}},{"start":{"line":209,"column":6},"end":{"line":209,"column":6}}]},"28":{"line":209,"type":"cond-expr","locations":[{"start":{"line":209,"column":25},"end":{"line":209,"column":40}},{"start":{"line":209,"column":43},"end":{"line":209,"column":49}}]},"29":{"line":262,"type":"cond-expr","locations":[{"start":{"line":262,"column":78},"end":{"line":262,"column":87}},{"start":{"line":262,"column":90},"end":{"line":262,"column":99}}]},"30":{"line":262,"type":"cond-expr","locations":[{"start":{"line":262,"column":119},"end":{"line":262,"column":122}},{"start":{"line":262,"column":125},"end":{"line":262,"column":128}}]},"31":{"line":268,"type":"if","locations":[{"start":{"line":268,"column":6},"end":{"line":268,"column":6}},{"start":{"line":268,"column":6},"end":{"line":268,"column":6}}]},"32":{"line":271,"type":"if","locations":[{"start":{"line":271,"column":6},"end":{"line":271,"column":6}},{"start":{"line":271,"column":6},"end":{"line":271,"column":6}}]},"33":{"line":274,"type":"if","locations":[{"start":{"line":274,"column":6},"end":{"line":274,"column":6}},{"start":{"line":274,"column":6},"end":{"line":274,"column":6}}]},"34":{"line":277,"type":"if","locations":[{"start":{"line":277,"column":6},"end":{"line":277,"column":6}},{"start":{"line":277,"column":6},"end":{"line":277,"column":6}}]},"35":{"line":280,"type":"if","locations":[{"start":{"line":280,"column":6},"end":{"line":280,"column":6}},{"start":{"line":280,"column":6},"end":{"line":280,"column":6}}]},"36":{"line":283,"type":"if","locations":[{"start":{"line":283,"column":6},"end":{"line":283,"column":6}},{"start":{"line":283,"column":6},"end":{"line":283,"column":6}}]},"37":{"line":292,"type":"if","locations":[{"start":{"line":292,"column":4},"end":{"line":292,"column":4}},{"start":{"line":292,"column":4},"end":{"line":292,"column":4}}]},"38":{"line":307,"type":"if","locations":[{"start":{"line":307,"column":4},"end":{"line":307,"column":4}},{"start":{"line":307,"column":4},"end":{"line":307,"column":4}}]},"39":{"line":307,"type":"binary-expr","locations":[{"start":{"line":307,"column":8},"end":{"line":307,"column":32}},{"start":{"line":307,"column":36},"end":{"line":307,"column":59}}]},"40":{"line":310,"type":"if","locations":[{"start":{"line":310,"column":4},"end":{"line":310,"column":4}},{"start":{"line":310,"column":4},"end":{"line":310,"column":4}}]},"41":{"line":310,"type":"binary-expr","locations":[{"start":{"line":310,"column":8},"end":{"line":310,"column":32}},{"start":{"line":310,"column":36},"end":{"line":310,"column":61}}]},"42":{"line":324,"type":"cond-expr","locations":[{"start":{"line":324,"column":78},"end":{"line":324,"column":87}},{"start":{"line":324,"column":90},"end":{"line":324,"column":99}}]},"43":{"line":324,"type":"cond-expr","locations":[{"start":{"line":324,"column":119},"end":{"line":324,"column":122}},{"start":{"line":324,"column":125},"end":{"line":324,"column":128}}]},"44":{"line":326,"type":"if","locations":[{"start":{"line":326,"column":6},"end":{"line":326,"column":6}},{"start":{"line":326,"column":6},"end":{"line":326,"column":6}}]},"45":{"line":337,"type":"cond-expr","locations":[{"start":{"line":337,"column":78},"end":{"line":337,"column":87}},{"start":{"line":337,"column":90},"end":{"line":337,"column":99}}]},"46":{"line":337,"type":"cond-expr","locations":[{"start":{"line":337,"column":119},"end":{"line":337,"column":122}},{"start":{"line":337,"column":125},"end":{"line":337,"column":128}}]}},"code":["var ABGRColor, COMPONENT_BLUE, COMPONENT_GREEN, COMPONENT_RED, Color, ColorCutQuantizer, QUANTIZE_WORD_MASK, QUANTIZE_WORD_WIDTH, RGBAColor, Swatch, Vbox, approximateToRgb888, isLittleEndian, modifySignificantOctet, modifyWordWidth, quantizeFromRgb888, quantizedBlue, quantizedGreen, quantizedRed, sort;","","Swatch = require('../../swatch');","","sort = function(arr, lower, upper) {","  var partition, pivot, swap;","  swap = function(a, b) {","    var t;","    t = arr[a];","    arr[a] = arr[b];","    return arr[b] = t;","  };","  partition = function(pivot, left, right) {","    var index, j, ref, ref1, v, value;","    index = left;","    value = arr[pivot];","    swap(pivot, right);","    for (v = j = ref = left, ref1 = right - 1; ref <= ref1 ? j <= ref1 : j >= ref1; v = ref <= ref1 ? ++j : --j) {","      if (arr[v] > value) {","        swap(v, index);","        index++;","      }","    }","    swap(right, index);","    return index;","  };","  if (lower < upper) {","    pivot = lower + Math.ceil((upper - lower) / 2);","    pivot = partition(pivot, lower, upper);","    sort(arr, lower, pivot - 1);","    return sort(arr, pivot + 1, upper);","  }","};","","COMPONENT_RED = -3;","","COMPONENT_GREEN = -2;","","COMPONENT_BLUE = -1;","","QUANTIZE_WORD_WIDTH = 5;","","QUANTIZE_WORD_MASK = (1 << QUANTIZE_WORD_WIDTH) - 1;","","RGBAColor = {","  red: function(c) {","    return c >> 24;","  },","  green: function(c) {","    return c << 8 >> 24;","  },","  blue: function(c) {","    return c << 16 >> 24;","  },","  alpha: function(c) {","    return c << 24 >> 24;","  }","};","","ABGRColor = {","  red: function(c) {","    return c << 24 >> 24;","  },","  green: function(c) {","    return c << 16 >> 24;","  },","  blue: function(c) {","    return c << 8 >> 24;","  },","  alpha: function(c) {","    return c >> 24;","  }","};","","isLittleEndian = function() {","  var a, b, c;","  a = new ArrayBuffer(4);","  b = new Uint8Array(a);","  c = new Uint32Array(a);","  b[0] = 0xa1;","  b[1] = 0xb2;","  b[2] = 0xc3;","  b[3] = 0xd4;","  if (c[0] === 0xd4c3b2a1) {","    return true;","  }","  if (c[0] === 0xa1b2c3d4) {","    return false;","  }","  throw new Error(\"Failed to determin endianness\");","};","","Color = isLittleEndian() ? ABGRColor : RGBAColor;","","modifyWordWidth = function(value, current, target) {","  var newValue;","  newValue = 0;","  if (target > current) {","    newValue = value << (target - current);","  } else {","    newValue = value >> (current - target);","  }","  return newValue & ((1 << target) - 1);","};","","modifySignificantOctet = function(a, dimension, lower, upper) {","  var color, i, j, k, ref, ref1, ref2, ref3;","  switch (dimension) {","    case COMPONENT_RED:","      break;","    case COMPONENT_GREEN:","      for (i = j = ref = lower, ref1 = upper; ref <= ref1 ? j <= ref1 : j >= ref1; i = ref <= ref1 ? ++j : --j) {","        color = a[i];","        a[i] = quantizedGreen(color) << (QUANTIZE_WORD_WIDTH + QUANTIZE_WORD_WIDTH) | quantizedRed(color) << QUANTIZE_WORD_WIDTH | quantizedBlue(color);","      }","      break;","    case COMPONENT_BLUE:","      for (i = k = ref2 = lower, ref3 = upper; ref2 <= ref3 ? k <= ref3 : k >= ref3; i = ref2 <= ref3 ? ++k : --k) {","        color = a[i];","        a[i] = quantizedBlue(color) << (QUANTIZE_WORD_WIDTH + QUANTIZE_WORD_WIDTH) | quantizedGreen(color) << QUANTIZE_WORD_WIDTH | quantizedRed(color);","      }","      break;","  }","};","","quantizeFromRgb888 = function(color) {","  var b, g, r;","  r = modifyWordWidth(Color.red(color), 8, QUANTIZE_WORD_WIDTH);","  g = modifyWordWidth(Color.green(color), 8, QUANTIZE_WORD_WIDTH);","  b = modifyWordWidth(Color.blue(color), 8, QUANTIZE_WORD_WIDTH);","  return r << (QUANTIZE_WORD_WIDTH + QUANTIZE_WORD_WIDTH) | g << QUANTIZE_WORD_WIDTH | b;","};","","approximateToRgb888 = function(r, g, b) {","  var color;","  if (!((g != null) && (b != null))) {","    color = r;","    r = quantizedRed(color);","    g = quantizedGreen(color);","    b = quantizedBlue(color);","  }","  return [modifyWordWidth(r, QUANTIZE_WORD_WIDTH, 8), modifyWordWidth(g, QUANTIZE_WORD_WIDTH, 8), modifyWordWidth(b, QUANTIZE_WORD_WIDTH, 8)];","};","","quantizedRed = function(color) {","  return color >> (QUANTIZE_WORD_WIDTH + QUANTIZE_WORD_WIDTH) & QUANTIZE_WORD_MASK;","};","","quantizedGreen = function(color) {","  return color >> QUANTIZE_WORD_WIDTH & QUANTIZE_WORD_MASK;","};","","quantizedBlue = function(color) {","  return color & QUANTIZE_WORD_MASK;","};","","module.exports = ColorCutQuantizer = (function() {","  function ColorCutQuantizer(data, opts) {","    var c, color, distinctColorCount, distinctColorIndex, i, j, k, l, m, quantizedColor, ref, ref1, ref2, ref3;","    this.opts = opts;","    this.hist = new Uint32Array(1 << (QUANTIZE_WORD_WIDTH * 3));","    this.pixels = new Uint32Array(data.length);","    for (i = j = 0, ref = data.length - 1; 0 <= ref ? j <= ref : j >= ref; i = 0 <= ref ? ++j : --j) {","      this.pixels[i] = quantizedColor = quantizeFromRgb888(data[i]);","      this.hist[quantizedColor]++;","    }","    distinctColorCount = 0;","    for (color = k = 0, ref1 = this.hist.length - 1; 0 <= ref1 ? k <= ref1 : k >= ref1; color = 0 <= ref1 ? ++k : --k) {","      if (this.hist[color] > 0) {","        distinctColorCount++;","      }","    }","    this.colors = new Uint32Array(distinctColorCount);","    distinctColorIndex = 0;","    for (color = l = 0, ref2 = this.hist.length - 1; 0 <= ref2 ? l <= ref2 : l >= ref2; color = 0 <= ref2 ? ++l : --l) {","      if (this.hist[color] > 0) {","        this.colors[distinctColorIndex++] = color;","      }","    }","    if (distinctColorCount <= this.opts.colorCount) {","      this.quantizedColors = [];","      for (i = m = 0, ref3 = this.colors.length - 1; 0 <= ref3 ? m <= ref3 : m >= ref3; i = 0 <= ref3 ? ++m : --m) {","        c = this.colors[i];","        this.quantizedColors.push(new Swatch(approximateToRgb888(c), this.hist[c]));","      }","    } else {","      this.quantizedColors = this.quantizePixels(this.opts.colorCount);","    }","  }","","  ColorCutQuantizer.prototype.getQuantizedColors = function() {","    return this.quantizedColors;","  };","","  ColorCutQuantizer.prototype.quantizePixels = function(maxColors) {","    var pq;","    pq = new PriorityQueue({","      comparator: Vbox.comparator","    });","    pq.queue(new Vbox(this.colors, this.hist, 0, this.colors.length - 1));","    this.splitBoxes(pq, maxColors);","    return this.generateAverageColors(pq);","  };","","  ColorCutQuantizer.prototype.splitBoxes = function(queue, maxSize) {","    var vbox;","    while (queue.length < maxSize) {","      vbox = queue.dequeue();","      if (vbox != null ? vbox.canSplit() : void 0) {","        queue.queue(vbox.splitBox());","        queue.queue(vbox);","      } else {","        return;","      }","    }","  };","","  ColorCutQuantizer.prototype.generateAverageColors = function(vboxes) {","    var colors;","    colors = [];","    while (vboxes.length > 0) {","      colors.push(vboxes.dequeue().getAverageColor());","    }","    return colors;","  };","","  return ColorCutQuantizer;","","})();","","Vbox = (function() {","  Vbox.comparator = function(lhs, rhs) {","    return lhs.getVolume() - rhs.getVolume();","  };","","  function Vbox(colors1, hist, lowerIndex, upperIndex) {","    this.colors = colors1;","    this.hist = hist;","    this.lowerIndex = lowerIndex;","    this.upperIndex = upperIndex;","    this.fitBox();","  }","","  Vbox.prototype.getVolume = function() {","    return (this.maxRed - this.minRed + 1) * (this.maxGreen - this.minGreen + 1) * (this.maxBlue - this.minBlue + 1);","  };","","  Vbox.prototype.canSplit = function() {","    return this.getColorCount() > 1;","  };","","  Vbox.prototype.getColorCount = function() {","    return 1 + this.upperIndex - this.lowerIndex;","  };","","  Vbox.prototype.fitBox = function() {","    var b, color, count, g, i, j, r, ref, ref1;","    this.minRed = this.minGreen = this.minBlue = Number.MAX_VALUE;","    this.maxRed = this.maxGreen = this.maxBlue = Number.MIN_VALUE;","    this.population = 0;","    count = 0;","    for (i = j = ref = this.lowerIndex, ref1 = this.upperIndex; ref <= ref1 ? j <= ref1 : j >= ref1; i = ref <= ref1 ? ++j : --j) {","      color = this.colors[i];","      count += this.hist[color];","      r = quantizedRed(color);","      g = quantizedGreen(color);","      b = quantizedBlue(color);","      if (r > this.maxRed) {","        this.maxRed = r;","      }","      if (r < this.minRed) {","        this.minRed = r;","      }","      if (g > this.maxGreen) {","        this.maxGreen = g;","      }","      if (g < this.minGreen) {","        this.minGreen = g;","      }","      if (b > this.maxBlue) {","        this.maxRed = b;","      }","      if (b < this.minBlue) {","        this.minRed = b;","      }","    }","    return this.population = count;","  };","","  Vbox.prototype.splitBox = function() {","    var newBox, splitPoint;","    if (!this.canSplit()) {","      throw new Error(\"Cannot split a box with only 1 color\");","    }","    splitPoint = this.findSplitPoint();","    newBox = new Vbox(this.colors, this.hist, splitPoint + 1, this.upperIndex);","    this.upperIndex = splitPoint;","    this.fitBox();","    return newBox;","  };","","  Vbox.prototype.getLongestColorDimension = function() {","    var blueLength, greenLength, redLength;","    redLength = this.maxRed - this.minRed;","    greenLength = this.maxGreen - this.minGreen;","    blueLength = this.maxBlue - this.minBlue;","    if (redLength >= greenLength && redLength >= blueLength) {","      return COMPONENT_RED;","    }","    if (greenLength >= redLength && greenLength >= blueLength) {","      return COMPONENT_GREEN;","    }","    return COMPONENT_BLUE;","  };","","  Vbox.prototype.findSplitPoint = function() {","    var count, i, j, longestDimension, midPoint, ref, ref1;","    longestDimension = this.getLongestColorDimension();","    modifySignificantOctet(this.colors, longestDimension, this.lowerIndex, this.upperIndex);","    sort(this.colors, this.lowerIndex, this.upperIndex + 1);","    modifySignificantOctet(this.colors, longestDimension, this.lowerIndex, this.upperIndex);","    midPoint = this.population / 2;","    count = 0;","    for (i = j = ref = this.lowerIndex, ref1 = this.upperIndex; ref <= ref1 ? j <= ref1 : j >= ref1; i = ref <= ref1 ? ++j : --j) {","      count += this.hist[this.colors[i]];","      if (count >= midPoint) {","        return i;","      }","    }","    return this.lowerIndex;","  };","","  Vbox.prototype.getAverageColor = function() {","    var blueMean, blueSum, color, colorPopulation, greenMean, greenSum, i, j, redMean, redSum, ref, ref1, totalPopulation;","    redSum = greenSum = blueSum = 0;","    totalPopulation = 0;","    for (i = j = ref = this.lowerIndex, ref1 = this.upperIndex; ref <= ref1 ? j <= ref1 : j >= ref1; i = ref <= ref1 ? ++j : --j) {","      color = this.colors[i];","      colorPopulation = this.hist[color];","      totalPopulation += colorPopulation;","      redSum += colorPopulation * quantizedRed(color);","      greenSum += colorPopulation * quantizedGreen(color);","      blueSum += colorPopulation * quantizedBlue(color);","    }","    redMean = Math.round(redSum / totalPopulation);","    greenMean = Math.round(greenSum / totalPopulation);","    blueMean = Math.round(blueSum / totalPopulation);","    return new Swatch(approximateToRgb888(redMean, greenMean, blueMean), totalPopulation);","  };","","  return Vbox;","","})();",""],"l":{"1":1,"3":1,"5":1,"6":0,"7":0,"8":0,"9":0,"10":0,"11":0,"13":0,"14":0,"15":0,"16":0,"17":0,"18":0,"19":0,"20":0,"21":0,"24":0,"25":0,"27":0,"28":0,"29":0,"30":0,"31":0,"35":1,"37":1,"39":1,"41":1,"43":1,"45":1,"47":0,"50":0,"53":0,"56":0,"60":1,"62":0,"65":0,"68":0,"71":0,"75":1,"76":1,"77":1,"78":1,"79":1,"80":1,"81":1,"82":1,"83":1,"84":1,"85":1,"87":0,"88":0,"90":0,"93":1,"95":1,"96":0,"97":0,"98":0,"99":0,"101":0,"103":0,"106":1,"107":0,"108":0,"110":0,"112":0,"113":0,"114":0,"116":0,"118":0,"119":0,"120":0,"122":0,"126":1,"127":0,"128":0,"129":0,"130":0,"131":0,"134":1,"135":0,"136":0,"137":0,"138":0,"139":0,"140":0,"142":0,"145":1,"146":0,"149":1,"150":0,"153":1,"154":0,"157":1,"158":1,"159":0,"160":0,"161":0,"162":0,"163":0,"164":0,"165":0,"167":0,"168":0,"169":0,"170":0,"173":0,"174":0,"175":0,"176":0,"177":0,"180":0,"181":0,"182":0,"183":0,"184":0,"187":0,"191":1,"192":0,"195":1,"196":0,"197":0,"200":0,"201":0,"202":0,"205":1,"206":0,"207":0,"208":0,"209":0,"210":0,"211":0,"213":0,"218":1,"219":0,"220":0,"221":0,"222":0,"224":0,"227":1,"231":1,"232":1,"233":0,"236":1,"237":0,"238":0,"239":0,"240":0,"241":0,"244":1,"245":0,"248":1,"249":0,"252":1,"253":0,"256":1,"257":0,"258":0,"259":0,"260":0,"261":0,"262":0,"263":0,"264":0,"265":0,"266":0,"267":0,"268":0,"269":0,"271":0,"272":0,"274":0,"275":0,"277":0,"278":0,"280":0,"281":0,"283":0,"284":0,"287":0,"290":1,"291":0,"292":0,"293":0,"295":0,"296":0,"297":0,"298":0,"299":0,"302":1,"303":0,"304":0,"305":0,"306":0,"307":0,"308":0,"310":0,"311":0,"313":0,"316":1,"317":0,"318":0,"319":0,"320":0,"321":0,"322":0,"323":0,"324":0,"325":0,"326":0,"327":0,"330":0,"333":1,"334":0,"335":0,"336":0,"337":0,"338":0,"339":0,"340":0,"341":0,"342":0,"343":0,"345":0,"346":0,"347":0,"348":0,"351":1}}}